14-Dec-2021 11:34:15.286 INFORMACIÓN [main] org.apache.catalina.startup.VersionLoggerListener.log Server version name:   Apache Tomcat/9.0.16 (Ubuntu)
14-Dec-2021 11:34:15.287 INFORMACIÓN [main] org.apache.catalina.startup.VersionLoggerListener.log Server built:          Sep 11 2019 19:47:51 UTC
14-Dec-2021 11:34:15.287 INFORMACIÓN [main] org.apache.catalina.startup.VersionLoggerListener.log Número de versión de servidor:         9.0.16.0
14-Dec-2021 11:34:15.287 INFORMACIÓN [main] org.apache.catalina.startup.VersionLoggerListener.log OS Name:               Linux
14-Dec-2021 11:34:15.287 INFORMACIÓN [main] org.apache.catalina.startup.VersionLoggerListener.log OS Version:            4.15.0-163-generic
14-Dec-2021 11:34:15.287 INFORMACIÓN [main] org.apache.catalina.startup.VersionLoggerListener.log Architecture:          amd64
14-Dec-2021 11:34:15.287 INFORMACIÓN [main] org.apache.catalina.startup.VersionLoggerListener.log Java Home:             /usr/lib/jvm/java-11-openjdk-amd64
14-Dec-2021 11:34:15.287 INFORMACIÓN [main] org.apache.catalina.startup.VersionLoggerListener.log JVM Version:           11.0.11+9-Ubuntu-0ubuntu2.18.04
14-Dec-2021 11:34:15.294 INFORMACIÓN [main] org.apache.catalina.startup.VersionLoggerListener.log JVM Vendor:            Ubuntu
14-Dec-2021 11:34:15.294 INFORMACIÓN [main] org.apache.catalina.startup.VersionLoggerListener.log CATALINA_BASE:         /var/lib/tomcat9
14-Dec-2021 11:34:15.294 INFORMACIÓN [main] org.apache.catalina.startup.VersionLoggerListener.log CATALINA_HOME:         /usr/share/tomcat9
14-Dec-2021 11:34:15.327 INFORMACIÓN [main] org.apache.catalina.startup.VersionLoggerListener.log Command line argument: --add-opens=java.base/java.lang=ALL-UNNAMED
14-Dec-2021 11:34:15.332 INFORMACIÓN [main] org.apache.catalina.startup.VersionLoggerListener.log Command line argument: --add-opens=java.base/java.io=ALL-UNNAMED
14-Dec-2021 11:34:15.332 INFORMACIÓN [main] org.apache.catalina.startup.VersionLoggerListener.log Command line argument: --add-opens=java.rmi/sun.rmi.transport=ALL-UNNAMED
14-Dec-2021 11:34:15.332 INFORMACIÓN [main] org.apache.catalina.startup.VersionLoggerListener.log Command line argument: -Djava.util.logging.config.file=/var/lib/tomcat9/conf/logging.properties
14-Dec-2021 11:34:15.333 INFORMACIÓN [main] org.apache.catalina.startup.VersionLoggerListener.log Command line argument: -Djava.util.logging.manager=org.apache.juli.ClassLoaderLogManager
14-Dec-2021 11:34:15.333 INFORMACIÓN [main] org.apache.catalina.startup.VersionLoggerListener.log Command line argument: -Djava.awt.headless=true
14-Dec-2021 11:34:15.333 INFORMACIÓN [main] org.apache.catalina.startup.VersionLoggerListener.log Command line argument: -XX:+UseG1GC
14-Dec-2021 11:34:15.334 INFORMACIÓN [main] org.apache.catalina.startup.VersionLoggerListener.log Command line argument: -Djdk.tls.ephemeralDHKeySize=2048
14-Dec-2021 11:34:15.334 INFORMACIÓN [main] org.apache.catalina.startup.VersionLoggerListener.log Command line argument: -Djava.protocol.handler.pkgs=org.apache.catalina.webresources
14-Dec-2021 11:34:15.334 INFORMACIÓN [main] org.apache.catalina.startup.VersionLoggerListener.log Command line argument: -Dorg.apache.catalina.security.SecurityListener.UMASK=0027
14-Dec-2021 11:34:15.334 INFORMACIÓN [main] org.apache.catalina.startup.VersionLoggerListener.log Command line argument: -Dignore.endorsed.dirs=
14-Dec-2021 11:34:15.335 INFORMACIÓN [main] org.apache.catalina.startup.VersionLoggerListener.log Command line argument: -Dcatalina.base=/var/lib/tomcat9
14-Dec-2021 11:34:15.335 INFORMACIÓN [main] org.apache.catalina.startup.VersionLoggerListener.log Command line argument: -Dcatalina.home=/usr/share/tomcat9
14-Dec-2021 11:34:15.335 INFORMACIÓN [main] org.apache.catalina.startup.VersionLoggerListener.log Command line argument: -Djava.io.tmpdir=/tmp
14-Dec-2021 11:34:15.335 INFORMACIÓN [main] org.apache.catalina.core.AprLifecycleListener.lifecycleEvent Cargada la biblioteca nativa APR de Apache Tomcat [1.2.21] con la versión APR [1.6.3].
14-Dec-2021 11:34:15.336 INFORMACIÓN [main] org.apache.catalina.core.AprLifecycleListener.lifecycleEvent Capacidades APR: IPv6 [true], enviar fichero [true], aceptar filtros [false], aleatorio [true].
14-Dec-2021 11:34:15.336 INFORMACIÓN [main] org.apache.catalina.core.AprLifecycleListener.lifecycleEvent APR/OpenSSL configuration: useAprConnector [false], useOpenSSL [true]
14-Dec-2021 11:34:15.374 INFORMACIÓN [main] org.apache.catalina.core.AprLifecycleListener.initializeSSL OpenSSL inicializado correctamente [OpenSSL 1.1.1  11 Sep 2018]
14-Dec-2021 11:34:15.439 INFORMACIÓN [main] org.apache.coyote.AbstractProtocol.init Inicializando el manejador de protocolo ["http-nio-80"]

14-Dec-2021 11:34:15.492 INFORMACIÓN [main] org.apache.catalina.startup.Catalina.load Server initialization in [1.809] milliseconds
14-Dec-2021 11:34:15.572 INFORMACIÓN [main] org.apache.catalina.core.StandardService.startInternal Arrancando servicio [Catalina]
14-Dec-2021 11:34:15.573 INFORMACIÓN [main] org.apache.catalina.core.StandardEngine.startInternal Starting Servlet engine: [Apache Tomcat/9.0.16 (Ubuntu)]
14-Dec-2021 11:34:15.613 INFORMACIÓN [main] org.apache.catalina.startup.HostConfig.deployDirectory Desplegando el directorio [/var/lib/tomcat9/webapps/ROOT] de la aplicación web
14-Dec-2021 11:34:17.099 INFORMACIÓN [main] org.apache.jasper.servlet.TldScanner.scanJars Al menos un JAR, que se ha explorado buscando TLDs, aún no contenía TLDs. Activar historial de depuración para este historiador para una completa lista de los JARs que fueron explorados y de los que nos se halló TLDs. Saltarse JARs no necesarios durante la exploración puede dar lugar a una mejora de tiempo significativa en el arranque y compilación de JSP .
14-Dec-2021 11:34:17.250 INFORMACIÓN [main] org.apache.catalina.startup.HostConfig.deployDirectory Deployment of web application directory [/var/lib/tomcat9/webapps/ROOT] has finished in [1.637] ms
14-Dec-2021 11:34:17.250 INFORMACIÓN [main] org.apache.catalina.startup.HostConfig.deployDirectory Desplegando el directorio [/var/lib/tomcat9/webapps/ges] de la aplicación web
14-Dec-2021 11:34:19.001 INFORMACIÓN [main] org.apache.jasper.servlet.TldScanner.scanJars Al menos un JAR, que se ha explorado buscando TLDs, aún no contenía TLDs. Activar historial de depuración para este historiador para una completa lista de los JARs que fueron explorados y de los que nos se halló TLDs. Saltarse JARs no necesarios durante la exploración puede dar lugar a una mejora de tiempo significativa en el arranque y compilación de JSP .
14-Dec-2021 11:34:19.859 INFORMACIÓN [main] org.apache.catalina.startup.HostConfig.deployDirectory Deployment of web application directory [/var/lib/tomcat9/webapps/ges] has finished in [2.609] ms
14-Dec-2021 11:34:19.864 INFORMACIÓN [main] org.apache.coyote.AbstractProtocol.start Starting ProtocolHandler ["http-nio-80"]
14-Dec-2021 11:34:19.901 INFORMACIÓN [main] org.apache.catalina.startup.Catalina.start Server startup in [4.408] milliseconds
