17-Dec-2021 14:07:16.494 INFORMACIÓN [Catalina-utility-2] org.apache.catalina.startup.HostConfig.deployDirectory Desplegando el directorio [/var/lib/tomcat9/webapps/ges2] de la aplicación web
17-Dec-2021 14:07:16.914 INFORMACIÓN [Catalina-utility-2] org.apache.jasper.servlet.TldScanner.scanJars Al menos un JAR, que se ha explorado buscando TLDs, aún no contenía TLDs. Activar historial de depuración para este historiador para una completa lista de los JARs que fueron explorados y de los que nos se halló TLDs. Saltarse JARs no necesarios durante la exploración puede dar lugar a una mejora de tiempo significativa en el arranque y compilación de JSP .
17-Dec-2021 14:07:16.916 INFORMACIÓN [Catalina-utility-2] org.apache.catalina.startup.HostConfig.deployDirectory Deployment of web application directory [/var/lib/tomcat9/webapps/ges2] has finished in [422] ms
17-Dec-2021 14:07:56.923 INFORMACIÓN [Catalina-utility-2] org.apache.catalina.startup.HostConfig.undeploy Repliegue (undeploy) de la aplicación web que tiene como trayectoria de contexto [/ges2]
17-Dec-2021 14:07:56.954 INFORMACIÓN [Catalina-utility-2] org.apache.catalina.startup.HostConfig.deployDirectory Desplegando el directorio [/var/lib/tomcat9/webapps/ges2] de la aplicación web
17-Dec-2021 14:07:57.814 INFORMACIÓN [Catalina-utility-2] org.apache.jasper.servlet.TldScanner.scanJars Al menos un JAR, que se ha explorado buscando TLDs, aún no contenía TLDs. Activar historial de depuración para este historiador para una completa lista de los JARs que fueron explorados y de los que nos se halló TLDs. Saltarse JARs no necesarios durante la exploración puede dar lugar a una mejora de tiempo significativa en el arranque y compilación de JSP .
17-Dec-2021 14:07:58.706 INFORMACIÓN [Catalina-utility-2] org.apache.catalina.startup.HostConfig.deployDirectory Deployment of web application directory [/var/lib/tomcat9/webapps/ges2] has finished in [1.752] ms
17-Dec-2021 14:08:58.717 INFORMACIÓN [Catalina-utility-2] org.apache.catalina.startup.HostConfig.reload Falló la recarga del contexto [/ges2]
17-Dec-2021 14:08:58.717 INFORMACIÓN [Catalina-utility-2] org.apache.catalina.core.StandardContext.reload Ha comenzado la recarga de Contexto [/ges2]
17-Dec-2021 14:08:58.727 ADVERTENCIA [Catalina-utility-2] org.apache.catalina.loader.WebappClassLoaderBase.clearReferencesJdbc La aplicación web [ges2] registró el conductor JDBC [com.informix.jdbc.IfxDriver] pero falló al anular el registro mientras la aplicación web estaba parada. Para prevenir un fallo de memoria, se ha anulado el registro del conductor JDBC por la fuerza.
17-Dec-2021 14:08:59.396 GRAVE [Catalina-utility-2] org.apache.catalina.core.StandardContext.reload Excepción arrancando Contexto con nombre [/ges2]
 org.apache.catalina.LifecycleException: Failed to start component [StandardEngine[Catalina].StandardHost[localhost].StandardContext[/ges2]]
	at org.apache.catalina.util.LifecycleBase.handleSubClassException(LifecycleBase.java:441)
	at org.apache.catalina.util.LifecycleBase.start(LifecycleBase.java:198)
	at org.apache.catalina.core.StandardContext.reload(StandardContext.java:3741)
	at org.apache.catalina.startup.HostConfig.reload(HostConfig.java:1403)
	at org.apache.catalina.startup.HostConfig.checkResources(HostConfig.java:1376)
	at org.apache.catalina.startup.HostConfig.check(HostConfig.java:1612)
	at org.apache.catalina.startup.HostConfig.lifecycleEvent(HostConfig.java:305)
	at org.apache.catalina.util.LifecycleBase.fireLifecycleEvent(LifecycleBase.java:123)
	at org.apache.catalina.core.ContainerBase.backgroundProcess(ContainerBase.java:1144)
	at org.apache.catalina.core.ContainerBase$ContainerBackgroundProcessor.processChildren(ContainerBase.java:1346)
	at org.apache.catalina.core.ContainerBase$ContainerBackgroundProcessor.processChildren(ContainerBase.java:1350)
	at org.apache.catalina.core.ContainerBase$ContainerBackgroundProcessor.run(ContainerBase.java:1328)
	at java.base/java.util.concurrent.Executors$RunnableAdapter.call(Executors.java:515)
	at java.base/java.util.concurrent.FutureTask.runAndReset(FutureTask.java:305)
	at java.base/java.util.concurrent.ScheduledThreadPoolExecutor$ScheduledFutureTask.run(ScheduledThreadPoolExecutor.java:305)
	at java.base/java.util.concurrent.ThreadPoolExecutor.runWorker(ThreadPoolExecutor.java:1128)
	at java.base/java.util.concurrent.ThreadPoolExecutor$Worker.run(ThreadPoolExecutor.java:628)
	at org.apache.tomcat.util.threads.TaskThread$WrappingRunnable.run(TaskThread.java:61)
	at java.base/java.lang.Thread.run(Thread.java:829)
Caused by: java.lang.NoClassDefFoundError: Lorg/apache/log4j/Logger;
	at java.base/java.lang.Class.getDeclaredFields0(Native Method)
	at java.base/java.lang.Class.privateGetDeclaredFields(Class.java:3061)
	at java.base/java.lang.Class.getDeclaredFields(Class.java:2248)
	at org.apache.catalina.util.Introspection.getDeclaredFields(Introspection.java:110)
	at org.apache.catalina.startup.WebAnnotationSet.loadFieldsAnnotation(WebAnnotationSet.java:269)
	at org.apache.catalina.startup.WebAnnotationSet.loadApplicationServletAnnotations(WebAnnotationSet.java:137)
	at org.apache.catalina.startup.WebAnnotationSet.loadApplicationAnnotations(WebAnnotationSet.java:69)
	at org.apache.catalina.startup.ContextConfig.applicationAnnotationsConfig(ContextConfig.java:330)
	at org.apache.catalina.startup.ContextConfig.configureStart(ContextConfig.java:771)
	at org.apache.catalina.startup.ContextConfig.lifecycleEvent(ContextConfig.java:301)
	at org.apache.catalina.util.LifecycleBase.fireLifecycleEvent(LifecycleBase.java:123)
	at org.apache.catalina.core.StandardContext.startInternal(StandardContext.java:5034)
	at org.apache.catalina.util.LifecycleBase.start(LifecycleBase.java:183)
	... 17 more
Caused by: java.lang.ClassNotFoundException: org.apache.log4j.Logger
	at org.apache.catalina.loader.WebappClassLoaderBase.loadClass(WebappClassLoaderBase.java:1363)
	at org.apache.catalina.loader.WebappClassLoaderBase.loadClass(WebappClassLoaderBase.java:1186)
	... 30 more

17-Dec-2021 14:08:59.397 INFORMACIÓN [Catalina-utility-2] org.apache.catalina.core.StandardContext.reload Se ha completado la recarga de este Contexto
17-Dec-2021 14:10:49.412 INFORMACIÓN [Catalina-utility-2] org.apache.catalina.startup.HostConfig.reload Falló la recarga del contexto [/ges2]
17-Dec-2021 14:10:50.134 INFORMACIÓN [Catalina-utility-2] org.apache.jasper.servlet.TldScanner.scanJars Al menos un JAR, que se ha explorado buscando TLDs, aún no contenía TLDs. Activar historial de depuración para este historiador para una completa lista de los JARs que fueron explorados y de los que nos se halló TLDs. Saltarse JARs no necesarios durante la exploración puede dar lugar a una mejora de tiempo significativa en el arranque y compilación de JSP .
17-Dec-2021 14:14:10.176 INFORMACIÓN [Catalina-utility-2] org.apache.catalina.startup.HostConfig.reload Falló la recarga del contexto [/ges2]
17-Dec-2021 14:14:10.176 INFORMACIÓN [Catalina-utility-2] org.apache.catalina.core.StandardContext.reload Ha comenzado la recarga de Contexto [/ges2]
17-Dec-2021 14:14:10.186 GRAVE [Catalina-utility-2] org.apache.catalina.core.StandardContext.reload Excepción arrancando Contexto con nombre [/ges2]
 org.apache.catalina.LifecycleException: Failed to initialize component [org.apache.catalina.webresources.JarResourceSet@6fce8758]
	at org.apache.catalina.util.LifecycleBase.handleSubClassException(LifecycleBase.java:441)
	at org.apache.catalina.util.LifecycleBase.init(LifecycleBase.java:139)
	at org.apache.catalina.util.LifecycleBase.start(LifecycleBase.java:173)
	at org.apache.catalina.webresources.StandardRoot.startInternal(StandardRoot.java:724)
	at org.apache.catalina.util.LifecycleBase.start(LifecycleBase.java:183)
	at org.apache.catalina.core.StandardContext.resourcesStart(StandardContext.java:4783)
	at org.apache.catalina.core.StandardContext.startInternal(StandardContext.java:4918)
	at org.apache.catalina.util.LifecycleBase.start(LifecycleBase.java:183)
	at org.apache.catalina.core.StandardContext.reload(StandardContext.java:3741)
	at org.apache.catalina.startup.HostConfig.reload(HostConfig.java:1403)
	at org.apache.catalina.startup.HostConfig.checkResources(HostConfig.java:1376)
	at org.apache.catalina.startup.HostConfig.check(HostConfig.java:1612)
	at org.apache.catalina.startup.HostConfig.lifecycleEvent(HostConfig.java:305)
	at org.apache.catalina.util.LifecycleBase.fireLifecycleEvent(LifecycleBase.java:123)
	at org.apache.catalina.core.ContainerBase.backgroundProcess(ContainerBase.java:1144)
	at org.apache.catalina.core.ContainerBase$ContainerBackgroundProcessor.processChildren(ContainerBase.java:1346)
	at org.apache.catalina.core.ContainerBase$ContainerBackgroundProcessor.processChildren(ContainerBase.java:1350)
	at org.apache.catalina.core.ContainerBase$ContainerBackgroundProcessor.run(ContainerBase.java:1328)
	at java.base/java.util.concurrent.Executors$RunnableAdapter.call(Executors.java:515)
	at java.base/java.util.concurrent.FutureTask.runAndReset(FutureTask.java:305)
	at java.base/java.util.concurrent.ScheduledThreadPoolExecutor$ScheduledFutureTask.run(ScheduledThreadPoolExecutor.java:305)
	at java.base/java.util.concurrent.ThreadPoolExecutor.runWorker(ThreadPoolExecutor.java:1128)
	at java.base/java.util.concurrent.ThreadPoolExecutor$Worker.run(ThreadPoolExecutor.java:628)
	at org.apache.tomcat.util.threads.TaskThread$WrappingRunnable.run(TaskThread.java:61)
	at java.base/java.lang.Thread.run(Thread.java:829)
Caused by: java.lang.IllegalArgumentException: java.io.IOException: java.lang.reflect.InvocationTargetException
	at org.apache.catalina.webresources.AbstractSingleArchiveResourceSet.initInternal(AbstractSingleArchiveResourceSet.java:143)
	at org.apache.catalina.util.LifecycleBase.init(LifecycleBase.java:136)
	... 23 more
Caused by: java.io.IOException: java.lang.reflect.InvocationTargetException
	at org.apache.tomcat.util.compat.Jre9Compat.jarFileNewInstance(Jre9Compat.java:212)
	at org.apache.tomcat.util.compat.JreCompat.jarFileNewInstance(JreCompat.java:149)
	at org.apache.catalina.webresources.AbstractSingleArchiveResourceSet.initInternal(AbstractSingleArchiveResourceSet.java:140)
	... 24 more
Caused by: java.lang.reflect.InvocationTargetException
	at java.base/jdk.internal.reflect.GeneratedConstructorAccessor7.newInstance(Unknown Source)
	at java.base/jdk.internal.reflect.DelegatingConstructorAccessorImpl.newInstance(DelegatingConstructorAccessorImpl.java:45)
	at java.base/java.lang.reflect.Constructor.newInstance(Constructor.java:490)
	at org.apache.tomcat.util.compat.Jre9Compat.jarFileNewInstance(Jre9Compat.java:209)
	... 26 more
Caused by: java.io.FileNotFoundException: /var/lib/tomcat9/webapps/ges2/WEB-INF/lib/log4j.jar (Permission denied)
	at java.base/java.io.RandomAccessFile.open0(Native Method)
	at java.base/java.io.RandomAccessFile.open(RandomAccessFile.java:345)
	at java.base/java.io.RandomAccessFile.<init>(RandomAccessFile.java:259)
	at java.base/java.io.RandomAccessFile.<init>(RandomAccessFile.java:214)
	at java.base/java.util.zip.ZipFile$Source.<init>(ZipFile.java:1285)
	at java.base/java.util.zip.ZipFile$Source.get(ZipFile.java:1251)
	at java.base/java.util.zip.ZipFile$CleanableResource.<init>(ZipFile.java:732)
	at java.base/java.util.zip.ZipFile$CleanableResource.get(ZipFile.java:849)
	at java.base/java.util.zip.ZipFile.<init>(ZipFile.java:247)
	at java.base/java.util.zip.ZipFile.<init>(ZipFile.java:177)
	at java.base/java.util.jar.JarFile.<init>(JarFile.java:348)
	... 30 more

17-Dec-2021 14:14:10.187 INFORMACIÓN [Catalina-utility-2] org.apache.catalina.core.StandardContext.reload Se ha completado la recarga de este Contexto
17-Dec-2021 14:16:00.701 INFORMACIÓN [Catalina-utility-1] org.apache.catalina.startup.HostConfig.undeploy Repliegue (undeploy) de la aplicación web que tiene como trayectoria de contexto [/ges2]
17-Dec-2021 14:16:00.705 INFORMACIÓN [Catalina-utility-1] org.apache.catalina.util.LifecycleBase.stop The stop() method was called on component [WebappLoader[StandardEngine[Catalina].StandardHost[localhost].StandardContext[/ges2]]] after stop() had already been called. The second call will be ignored.
17-Dec-2021 14:16:00.711 INFORMACIÓN [Catalina-utility-1] org.apache.catalina.startup.HostConfig.deployDirectory Desplegando el directorio [/var/lib/tomcat9/webapps/ges3] de la aplicación web
17-Dec-2021 14:16:00.719 GRAVE [Catalina-utility-1] org.apache.catalina.startup.HostConfig.deployDirectory Error durante el despliegue del directorio [/var/lib/tomcat9/webapps/ges3] de la aplicación web
 java.lang.IllegalStateException: Error starting child
	at org.apache.catalina.core.ContainerBase.addChildInternal(ContainerBase.java:716)
	at org.apache.catalina.core.ContainerBase.addChild(ContainerBase.java:690)
	at org.apache.catalina.core.StandardHost.addChild(StandardHost.java:695)
	at org.apache.catalina.startup.HostConfig.deployDirectory(HostConfig.java:1133)
	at org.apache.catalina.startup.HostConfig$DeployDirectory.run(HostConfig.java:1868)
	at java.base/java.util.concurrent.Executors$RunnableAdapter.call(Executors.java:515)
	at java.base/java.util.concurrent.FutureTask.run(FutureTask.java:264)
	at org.apache.tomcat.util.threads.InlineExecutorService.execute(InlineExecutorService.java:75)
	at java.base/java.util.concurrent.AbstractExecutorService.submit(AbstractExecutorService.java:118)
	at org.apache.catalina.startup.HostConfig.deployDirectories(HostConfig.java:1045)
	at org.apache.catalina.startup.HostConfig.deployApps(HostConfig.java:429)
	at org.apache.catalina.startup.HostConfig.check(HostConfig.java:1621)
	at org.apache.catalina.startup.HostConfig.lifecycleEvent(HostConfig.java:305)
	at org.apache.catalina.util.LifecycleBase.fireLifecycleEvent(LifecycleBase.java:123)
	at org.apache.catalina.core.ContainerBase.backgroundProcess(ContainerBase.java:1144)
	at org.apache.catalina.core.ContainerBase$ContainerBackgroundProcessor.processChildren(ContainerBase.java:1346)
	at org.apache.catalina.core.ContainerBase$ContainerBackgroundProcessor.processChildren(ContainerBase.java:1350)
	at org.apache.catalina.core.ContainerBase$ContainerBackgroundProcessor.run(ContainerBase.java:1328)
	at java.base/java.util.concurrent.Executors$RunnableAdapter.call(Executors.java:515)
	at java.base/java.util.concurrent.FutureTask.runAndReset(FutureTask.java:305)
	at java.base/java.util.concurrent.ScheduledThreadPoolExecutor$ScheduledFutureTask.run(ScheduledThreadPoolExecutor.java:305)
	at java.base/java.util.concurrent.ThreadPoolExecutor.runWorker(ThreadPoolExecutor.java:1128)
	at java.base/java.util.concurrent.ThreadPoolExecutor$Worker.run(ThreadPoolExecutor.java:628)
	at org.apache.tomcat.util.threads.TaskThread$WrappingRunnable.run(TaskThread.java:61)
	at java.base/java.lang.Thread.run(Thread.java:829)
Caused by: org.apache.catalina.LifecycleException: Failed to initialize component [org.apache.catalina.webresources.JarResourceSet@7be29879]
	at org.apache.catalina.util.LifecycleBase.handleSubClassException(LifecycleBase.java:441)
	at org.apache.catalina.util.LifecycleBase.init(LifecycleBase.java:139)
	at org.apache.catalina.util.LifecycleBase.start(LifecycleBase.java:173)
	at org.apache.catalina.webresources.StandardRoot.startInternal(StandardRoot.java:724)
	at org.apache.catalina.util.LifecycleBase.start(LifecycleBase.java:183)
	at org.apache.catalina.core.StandardContext.resourcesStart(StandardContext.java:4783)
	at org.apache.catalina.core.StandardContext.startInternal(StandardContext.java:4918)
	at org.apache.catalina.util.LifecycleBase.start(LifecycleBase.java:183)
	at org.apache.catalina.core.ContainerBase.addChildInternal(ContainerBase.java:713)
	... 24 more
Caused by: java.lang.IllegalArgumentException: java.io.IOException: java.lang.reflect.InvocationTargetException
	at org.apache.catalina.webresources.AbstractSingleArchiveResourceSet.initInternal(AbstractSingleArchiveResourceSet.java:143)
	at org.apache.catalina.util.LifecycleBase.init(LifecycleBase.java:136)
	... 31 more
Caused by: java.io.IOException: java.lang.reflect.InvocationTargetException
	at org.apache.tomcat.util.compat.Jre9Compat.jarFileNewInstance(Jre9Compat.java:212)
	at org.apache.tomcat.util.compat.JreCompat.jarFileNewInstance(JreCompat.java:149)
	at org.apache.catalina.webresources.AbstractSingleArchiveResourceSet.initInternal(AbstractSingleArchiveResourceSet.java:140)
	... 32 more
Caused by: java.lang.reflect.InvocationTargetException
	at java.base/jdk.internal.reflect.GeneratedConstructorAccessor7.newInstance(Unknown Source)
	at java.base/jdk.internal.reflect.DelegatingConstructorAccessorImpl.newInstance(DelegatingConstructorAccessorImpl.java:45)
	at java.base/java.lang.reflect.Constructor.newInstance(Constructor.java:490)
	at org.apache.tomcat.util.compat.Jre9Compat.jarFileNewInstance(Jre9Compat.java:209)
	... 34 more
Caused by: java.io.FileNotFoundException: /var/lib/tomcat9/webapps/ges3/WEB-INF/lib/log4j.jar (Permission denied)
	at java.base/java.io.RandomAccessFile.open0(Native Method)
	at java.base/java.io.RandomAccessFile.open(RandomAccessFile.java:345)
	at java.base/java.io.RandomAccessFile.<init>(RandomAccessFile.java:259)
	at java.base/java.io.RandomAccessFile.<init>(RandomAccessFile.java:214)
	at java.base/java.util.zip.ZipFile$Source.<init>(ZipFile.java:1285)
	at java.base/java.util.zip.ZipFile$Source.get(ZipFile.java:1251)
	at java.base/java.util.zip.ZipFile$CleanableResource.<init>(ZipFile.java:732)
	at java.base/java.util.zip.ZipFile$CleanableResource.get(ZipFile.java:849)
	at java.base/java.util.zip.ZipFile.<init>(ZipFile.java:247)
	at java.base/java.util.zip.ZipFile.<init>(ZipFile.java:177)
	at java.base/java.util.jar.JarFile.<init>(JarFile.java:348)
	... 38 more

17-Dec-2021 14:16:00.719 INFORMACIÓN [Catalina-utility-1] org.apache.catalina.startup.HostConfig.deployDirectory Deployment of web application directory [/var/lib/tomcat9/webapps/ges3] has finished in [8] ms
