22-Dec-2021 15:17:12.205 INFORMACIÓN [http-nio-80-exec-53] org.apache.catalina.core.ApplicationContext.log CewolfServlet: Cewolf request:
22-Dec-2021 15:17:12.206 INFORMACIÓN [http-nio-80-exec-53] org.apache.catalina.core.ApplicationContext.log CewolfServlet: host: 172.27.104.189
22-Dec-2021 15:17:12.206 INFORMACIÓN [http-nio-80-exec-53] org.apache.catalina.core.ApplicationContext.log CewolfServlet: connection: keep-alive
22-Dec-2021 15:17:12.206 INFORMACIÓN [http-nio-80-exec-53] org.apache.catalina.core.ApplicationContext.log CewolfServlet: user-agent: Mozilla/5.0 (Windows NT 10.0; Win64; x64) AppleWebKit/537.36 (KHTML, like Gecko) Chrome/96.0.4664.110 Safari/537.36
22-Dec-2021 15:17:12.206 INFORMACIÓN [http-nio-80-exec-53] org.apache.catalina.core.ApplicationContext.log CewolfServlet: accept: image/avif,image/webp,image/apng,image/svg+xml,image/*,*/*;q=0.8
22-Dec-2021 15:17:12.206 INFORMACIÓN [http-nio-80-exec-53] org.apache.catalina.core.ApplicationContext.log CewolfServlet: referer: http://172.27.104.189/ges/showSuministro.do
22-Dec-2021 15:17:12.206 INFORMACIÓN [http-nio-80-exec-53] org.apache.catalina.core.ApplicationContext.log CewolfServlet: accept-encoding: gzip, deflate
22-Dec-2021 15:17:12.206 INFORMACIÓN [http-nio-80-exec-53] org.apache.catalina.core.ApplicationContext.log CewolfServlet: accept-language: es-ES,es;q=0.9,gl;q=0.8
22-Dec-2021 15:17:12.206 INFORMACIÓN [http-nio-80-exec-53] org.apache.catalina.core.ApplicationContext.log CewolfServlet: cookie: JSESSIONID=812CA6D3D9F5BBBA3101330541DDFE6F
22-Dec-2021 15:17:12.206 INFORMACIÓN [http-nio-80-exec-53] org.apache.catalina.core.ApplicationContext.log CewolfServlet: 
22-Dec-2021 15:17:12.206 INFORMACIÓN [http-nio-80-exec-53] org.apache.catalina.core.ApplicationContext.log CewolfServlet: creation time for chart -2086597697: 0ms.
22-Dec-2021 15:17:12.328 INFORMACIÓN [http-nio-80-exec-51] org.apache.catalina.core.ApplicationContext.log CewolfServlet: Cewolf request:
22-Dec-2021 15:17:12.329 INFORMACIÓN [http-nio-80-exec-51] org.apache.catalina.core.ApplicationContext.log CewolfServlet: host: 172.27.104.189
22-Dec-2021 15:17:12.329 INFORMACIÓN [http-nio-80-exec-51] org.apache.catalina.core.ApplicationContext.log CewolfServlet: connection: keep-alive
22-Dec-2021 15:17:12.329 INFORMACIÓN [http-nio-80-exec-51] org.apache.catalina.core.ApplicationContext.log CewolfServlet: user-agent: Mozilla/5.0 (Windows NT 10.0; Win64; x64) AppleWebKit/537.36 (KHTML, like Gecko) Chrome/96.0.4664.110 Safari/537.36
22-Dec-2021 15:17:12.329 INFORMACIÓN [http-nio-80-exec-51] org.apache.catalina.core.ApplicationContext.log CewolfServlet: accept: image/avif,image/webp,image/apng,image/svg+xml,image/*,*/*;q=0.8
22-Dec-2021 15:17:12.329 INFORMACIÓN [http-nio-80-exec-51] org.apache.catalina.core.ApplicationContext.log CewolfServlet: referer: http://172.27.104.189/ges/showSuministro.do
22-Dec-2021 15:17:12.329 INFORMACIÓN [http-nio-80-exec-51] org.apache.catalina.core.ApplicationContext.log CewolfServlet: accept-encoding: gzip, deflate
22-Dec-2021 15:17:12.329 INFORMACIÓN [http-nio-80-exec-51] org.apache.catalina.core.ApplicationContext.log CewolfServlet: accept-language: es-ES,es;q=0.9,gl;q=0.8
22-Dec-2021 15:17:12.329 INFORMACIÓN [http-nio-80-exec-51] org.apache.catalina.core.ApplicationContext.log CewolfServlet: cookie: JSESSIONID=812CA6D3D9F5BBBA3101330541DDFE6F
22-Dec-2021 15:17:12.329 INFORMACIÓN [http-nio-80-exec-51] org.apache.catalina.core.ApplicationContext.log CewolfServlet: 
22-Dec-2021 15:17:12.329 INFORMACIÓN [http-nio-80-exec-51] org.apache.catalina.core.ApplicationContext.log CewolfServlet: creation time for chart 1544013299: 0ms.
22-Dec-2021 15:17:12.417 INFORMACIÓN [http-nio-80-exec-48] org.apache.catalina.core.ApplicationContext.log CewolfServlet: Cewolf request:
22-Dec-2021 15:17:12.417 INFORMACIÓN [http-nio-80-exec-48] org.apache.catalina.core.ApplicationContext.log CewolfServlet: host: 172.27.104.189
22-Dec-2021 15:17:12.417 INFORMACIÓN [http-nio-80-exec-48] org.apache.catalina.core.ApplicationContext.log CewolfServlet: connection: keep-alive
22-Dec-2021 15:17:12.417 INFORMACIÓN [http-nio-80-exec-48] org.apache.catalina.core.ApplicationContext.log CewolfServlet: user-agent: Mozilla/5.0 (Windows NT 10.0; Win64; x64) AppleWebKit/537.36 (KHTML, like Gecko) Chrome/96.0.4664.110 Safari/537.36
22-Dec-2021 15:17:12.417 INFORMACIÓN [http-nio-80-exec-48] org.apache.catalina.core.ApplicationContext.log CewolfServlet: accept: image/avif,image/webp,image/apng,image/svg+xml,image/*,*/*;q=0.8
22-Dec-2021 15:17:12.417 INFORMACIÓN [http-nio-80-exec-48] org.apache.catalina.core.ApplicationContext.log CewolfServlet: referer: http://172.27.104.189/ges/showSuministro.do
22-Dec-2021 15:17:12.417 INFORMACIÓN [http-nio-80-exec-48] org.apache.catalina.core.ApplicationContext.log CewolfServlet: accept-encoding: gzip, deflate
22-Dec-2021 15:17:12.417 INFORMACIÓN [http-nio-80-exec-48] org.apache.catalina.core.ApplicationContext.log CewolfServlet: accept-language: es-ES,es;q=0.9,gl;q=0.8
22-Dec-2021 15:17:12.417 INFORMACIÓN [http-nio-80-exec-48] org.apache.catalina.core.ApplicationContext.log CewolfServlet: cookie: JSESSIONID=812CA6D3D9F5BBBA3101330541DDFE6F
22-Dec-2021 15:17:12.417 INFORMACIÓN [http-nio-80-exec-48] org.apache.catalina.core.ApplicationContext.log CewolfServlet: 
22-Dec-2021 15:17:12.417 INFORMACIÓN [http-nio-80-exec-48] org.apache.catalina.core.ApplicationContext.log CewolfServlet: creation time for chart 910372540: 0ms.
22-Dec-2021 15:17:12.427 INFORMACIÓN [http-nio-80-exec-52] org.apache.catalina.core.ApplicationContext.log CewolfServlet: Cewolf request:
22-Dec-2021 15:17:12.427 INFORMACIÓN [http-nio-80-exec-52] org.apache.catalina.core.ApplicationContext.log CewolfServlet: host: 172.27.104.189
22-Dec-2021 15:17:12.427 INFORMACIÓN [http-nio-80-exec-52] org.apache.catalina.core.ApplicationContext.log CewolfServlet: connection: keep-alive
22-Dec-2021 15:17:12.427 INFORMACIÓN [http-nio-80-exec-52] org.apache.catalina.core.ApplicationContext.log CewolfServlet: user-agent: Mozilla/5.0 (Windows NT 10.0; Win64; x64) AppleWebKit/537.36 (KHTML, like Gecko) Chrome/96.0.4664.110 Safari/537.36
22-Dec-2021 15:17:12.427 INFORMACIÓN [http-nio-80-exec-52] org.apache.catalina.core.ApplicationContext.log CewolfServlet: accept: image/avif,image/webp,image/apng,image/svg+xml,image/*,*/*;q=0.8
22-Dec-2021 15:17:12.427 INFORMACIÓN [http-nio-80-exec-52] org.apache.catalina.core.ApplicationContext.log CewolfServlet: referer: http://172.27.104.189/ges/showSuministro.do
22-Dec-2021 15:17:12.427 INFORMACIÓN [http-nio-80-exec-52] org.apache.catalina.core.ApplicationContext.log CewolfServlet: accept-encoding: gzip, deflate
22-Dec-2021 15:17:12.428 INFORMACIÓN [http-nio-80-exec-52] org.apache.catalina.core.ApplicationContext.log CewolfServlet: accept-language: es-ES,es;q=0.9,gl;q=0.8
22-Dec-2021 15:17:12.428 INFORMACIÓN [http-nio-80-exec-52] org.apache.catalina.core.ApplicationContext.log CewolfServlet: cookie: JSESSIONID=812CA6D3D9F5BBBA3101330541DDFE6F
22-Dec-2021 15:17:12.428 INFORMACIÓN [http-nio-80-exec-52] org.apache.catalina.core.ApplicationContext.log CewolfServlet: 
22-Dec-2021 15:17:12.428 INFORMACIÓN [http-nio-80-exec-52] org.apache.catalina.core.ApplicationContext.log CewolfServlet: creation time for chart -1279811782: 0ms.
22-Dec-2021 15:17:12.450 INFORMACIÓN [http-nio-80-exec-54] org.apache.catalina.core.ApplicationContext.log CewolfServlet: Cewolf request:
22-Dec-2021 15:17:12.450 INFORMACIÓN [http-nio-80-exec-54] org.apache.catalina.core.ApplicationContext.log CewolfServlet: host: 172.27.104.189
22-Dec-2021 15:17:12.450 INFORMACIÓN [http-nio-80-exec-54] org.apache.catalina.core.ApplicationContext.log CewolfServlet: connection: keep-alive
22-Dec-2021 15:17:12.451 INFORMACIÓN [http-nio-80-exec-54] org.apache.catalina.core.ApplicationContext.log CewolfServlet: user-agent: Mozilla/5.0 (Windows NT 10.0; Win64; x64) AppleWebKit/537.36 (KHTML, like Gecko) Chrome/96.0.4664.110 Safari/537.36
22-Dec-2021 15:17:12.451 INFORMACIÓN [http-nio-80-exec-54] org.apache.catalina.core.ApplicationContext.log CewolfServlet: accept: image/avif,image/webp,image/apng,image/svg+xml,image/*,*/*;q=0.8
22-Dec-2021 15:17:12.451 INFORMACIÓN [http-nio-80-exec-54] org.apache.catalina.core.ApplicationContext.log CewolfServlet: referer: http://172.27.104.189/ges/showSuministro.do
22-Dec-2021 15:17:12.451 INFORMACIÓN [http-nio-80-exec-54] org.apache.catalina.core.ApplicationContext.log CewolfServlet: accept-encoding: gzip, deflate
22-Dec-2021 15:17:12.451 INFORMACIÓN [http-nio-80-exec-54] org.apache.catalina.core.ApplicationContext.log CewolfServlet: accept-language: es-ES,es;q=0.9,gl;q=0.8
22-Dec-2021 15:17:12.451 INFORMACIÓN [http-nio-80-exec-54] org.apache.catalina.core.ApplicationContext.log CewolfServlet: cookie: JSESSIONID=812CA6D3D9F5BBBA3101330541DDFE6F
22-Dec-2021 15:17:12.451 INFORMACIÓN [http-nio-80-exec-54] org.apache.catalina.core.ApplicationContext.log CewolfServlet: 
22-Dec-2021 15:17:12.451 INFORMACIÓN [http-nio-80-exec-54] org.apache.catalina.core.ApplicationContext.log CewolfServlet: creation time for chart 1573071259: 0ms.
22-Dec-2021 15:17:12.507 INFORMACIÓN [http-nio-80-exec-55] org.apache.catalina.core.ApplicationContext.log CewolfServlet: Cewolf request:
22-Dec-2021 15:17:12.507 INFORMACIÓN [http-nio-80-exec-55] org.apache.catalina.core.ApplicationContext.log CewolfServlet: host: 172.27.104.189
22-Dec-2021 15:17:12.508 INFORMACIÓN [http-nio-80-exec-55] org.apache.catalina.core.ApplicationContext.log CewolfServlet: connection: keep-alive
22-Dec-2021 15:17:12.508 INFORMACIÓN [http-nio-80-exec-55] org.apache.catalina.core.ApplicationContext.log CewolfServlet: user-agent: Mozilla/5.0 (Windows NT 10.0; Win64; x64) AppleWebKit/537.36 (KHTML, like Gecko) Chrome/96.0.4664.110 Safari/537.36
22-Dec-2021 15:17:12.508 INFORMACIÓN [http-nio-80-exec-55] org.apache.catalina.core.ApplicationContext.log CewolfServlet: accept: image/avif,image/webp,image/apng,image/svg+xml,image/*,*/*;q=0.8
22-Dec-2021 15:17:12.508 INFORMACIÓN [http-nio-80-exec-55] org.apache.catalina.core.ApplicationContext.log CewolfServlet: referer: http://172.27.104.189/ges/showSuministro.do
22-Dec-2021 15:17:12.508 INFORMACIÓN [http-nio-80-exec-55] org.apache.catalina.core.ApplicationContext.log CewolfServlet: accept-encoding: gzip, deflate
22-Dec-2021 15:17:12.508 INFORMACIÓN [http-nio-80-exec-55] org.apache.catalina.core.ApplicationContext.log CewolfServlet: accept-language: es-ES,es;q=0.9,gl;q=0.8
22-Dec-2021 15:17:12.508 INFORMACIÓN [http-nio-80-exec-55] org.apache.catalina.core.ApplicationContext.log CewolfServlet: cookie: JSESSIONID=812CA6D3D9F5BBBA3101330541DDFE6F
22-Dec-2021 15:17:12.508 INFORMACIÓN [http-nio-80-exec-55] org.apache.catalina.core.ApplicationContext.log CewolfServlet: 
22-Dec-2021 15:17:12.508 INFORMACIÓN [http-nio-80-exec-55] org.apache.catalina.core.ApplicationContext.log CewolfServlet: creation time for chart -527447925: 0ms.
22-Dec-2021 15:17:12.516 INFORMACIÓN [http-nio-80-exec-49] org.apache.catalina.core.ApplicationContext.log CewolfServlet: Cewolf request:
22-Dec-2021 15:17:12.516 INFORMACIÓN [http-nio-80-exec-49] org.apache.catalina.core.ApplicationContext.log CewolfServlet: host: 172.27.104.189
22-Dec-2021 15:17:12.516 INFORMACIÓN [http-nio-80-exec-49] org.apache.catalina.core.ApplicationContext.log CewolfServlet: connection: keep-alive
22-Dec-2021 15:17:12.516 INFORMACIÓN [http-nio-80-exec-49] org.apache.catalina.core.ApplicationContext.log CewolfServlet: user-agent: Mozilla/5.0 (Windows NT 10.0; Win64; x64) AppleWebKit/537.36 (KHTML, like Gecko) Chrome/96.0.4664.110 Safari/537.36
22-Dec-2021 15:17:12.517 INFORMACIÓN [http-nio-80-exec-49] org.apache.catalina.core.ApplicationContext.log CewolfServlet: accept: image/avif,image/webp,image/apng,image/svg+xml,image/*,*/*;q=0.8
22-Dec-2021 15:17:12.517 INFORMACIÓN [http-nio-80-exec-49] org.apache.catalina.core.ApplicationContext.log CewolfServlet: referer: http://172.27.104.189/ges/showSuministro.do
22-Dec-2021 15:17:12.517 INFORMACIÓN [http-nio-80-exec-49] org.apache.catalina.core.ApplicationContext.log CewolfServlet: accept-encoding: gzip, deflate
22-Dec-2021 15:17:12.517 INFORMACIÓN [http-nio-80-exec-49] org.apache.catalina.core.ApplicationContext.log CewolfServlet: accept-language: es-ES,es;q=0.9,gl;q=0.8
22-Dec-2021 15:17:12.517 INFORMACIÓN [http-nio-80-exec-49] org.apache.catalina.core.ApplicationContext.log CewolfServlet: cookie: JSESSIONID=812CA6D3D9F5BBBA3101330541DDFE6F
22-Dec-2021 15:17:12.517 INFORMACIÓN [http-nio-80-exec-49] org.apache.catalina.core.ApplicationContext.log CewolfServlet: 
22-Dec-2021 15:17:12.517 INFORMACIÓN [http-nio-80-exec-49] org.apache.catalina.core.ApplicationContext.log CewolfServlet: creation time for chart 48057859: 0ms.
22-Dec-2021 15:17:12.521 INFORMACIÓN [http-nio-80-exec-57] org.apache.catalina.core.ApplicationContext.log CewolfServlet: Cewolf request:
22-Dec-2021 15:17:12.521 INFORMACIÓN [http-nio-80-exec-57] org.apache.catalina.core.ApplicationContext.log CewolfServlet: host: 172.27.104.189
22-Dec-2021 15:17:12.521 INFORMACIÓN [http-nio-80-exec-57] org.apache.catalina.core.ApplicationContext.log CewolfServlet: connection: keep-alive
22-Dec-2021 15:17:12.521 INFORMACIÓN [http-nio-80-exec-57] org.apache.catalina.core.ApplicationContext.log CewolfServlet: user-agent: Mozilla/5.0 (Windows NT 10.0; Win64; x64) AppleWebKit/537.36 (KHTML, like Gecko) Chrome/96.0.4664.110 Safari/537.36
22-Dec-2021 15:17:12.521 INFORMACIÓN [http-nio-80-exec-57] org.apache.catalina.core.ApplicationContext.log CewolfServlet: accept: image/avif,image/webp,image/apng,image/svg+xml,image/*,*/*;q=0.8
22-Dec-2021 15:17:12.521 INFORMACIÓN [http-nio-80-exec-57] org.apache.catalina.core.ApplicationContext.log CewolfServlet: referer: http://172.27.104.189/ges/showSuministro.do
22-Dec-2021 15:17:12.522 INFORMACIÓN [http-nio-80-exec-57] org.apache.catalina.core.ApplicationContext.log CewolfServlet: accept-encoding: gzip, deflate
22-Dec-2021 15:17:12.522 INFORMACIÓN [http-nio-80-exec-57] org.apache.catalina.core.ApplicationContext.log CewolfServlet: accept-language: es-ES,es;q=0.9,gl;q=0.8
22-Dec-2021 15:17:12.522 INFORMACIÓN [http-nio-80-exec-57] org.apache.catalina.core.ApplicationContext.log CewolfServlet: cookie: JSESSIONID=812CA6D3D9F5BBBA3101330541DDFE6F
22-Dec-2021 15:17:12.522 INFORMACIÓN [http-nio-80-exec-57] org.apache.catalina.core.ApplicationContext.log CewolfServlet: 
22-Dec-2021 15:17:12.522 INFORMACIÓN [http-nio-80-exec-57] org.apache.catalina.core.ApplicationContext.log CewolfServlet: creation time for chart -1540230038: 0ms.
22-Dec-2021 15:17:12.635 INFORMACIÓN [http-nio-80-exec-53] org.apache.catalina.core.ApplicationContext.log CewolfServlet: Cewolf request:
22-Dec-2021 15:17:12.635 INFORMACIÓN [http-nio-80-exec-53] org.apache.catalina.core.ApplicationContext.log CewolfServlet: host: 172.27.104.189
22-Dec-2021 15:17:12.636 INFORMACIÓN [http-nio-80-exec-53] org.apache.catalina.core.ApplicationContext.log CewolfServlet: connection: keep-alive
22-Dec-2021 15:17:12.636 INFORMACIÓN [http-nio-80-exec-53] org.apache.catalina.core.ApplicationContext.log CewolfServlet: user-agent: Mozilla/5.0 (Windows NT 10.0; Win64; x64) AppleWebKit/537.36 (KHTML, like Gecko) Chrome/96.0.4664.110 Safari/537.36
22-Dec-2021 15:17:12.636 INFORMACIÓN [http-nio-80-exec-53] org.apache.catalina.core.ApplicationContext.log CewolfServlet: accept: image/avif,image/webp,image/apng,image/svg+xml,image/*,*/*;q=0.8
22-Dec-2021 15:17:12.636 INFORMACIÓN [http-nio-80-exec-53] org.apache.catalina.core.ApplicationContext.log CewolfServlet: referer: http://172.27.104.189/ges/showSuministro.do
22-Dec-2021 15:17:12.636 INFORMACIÓN [http-nio-80-exec-53] org.apache.catalina.core.ApplicationContext.log CewolfServlet: accept-encoding: gzip, deflate
22-Dec-2021 15:17:12.636 INFORMACIÓN [http-nio-80-exec-53] org.apache.catalina.core.ApplicationContext.log CewolfServlet: accept-language: es-ES,es;q=0.9,gl;q=0.8
22-Dec-2021 15:17:12.636 INFORMACIÓN [http-nio-80-exec-53] org.apache.catalina.core.ApplicationContext.log CewolfServlet: cookie: JSESSIONID=812CA6D3D9F5BBBA3101330541DDFE6F
22-Dec-2021 15:17:12.636 INFORMACIÓN [http-nio-80-exec-53] org.apache.catalina.core.ApplicationContext.log CewolfServlet: 
22-Dec-2021 15:17:12.636 INFORMACIÓN [http-nio-80-exec-53] org.apache.catalina.core.ApplicationContext.log CewolfServlet: creation time for chart -427228450: 0ms.
22-Dec-2021 15:17:12.643 INFORMACIÓN [http-nio-80-exec-51] org.apache.catalina.core.ApplicationContext.log CewolfServlet: Cewolf request:
22-Dec-2021 15:17:12.643 INFORMACIÓN [http-nio-80-exec-51] org.apache.catalina.core.ApplicationContext.log CewolfServlet: host: 172.27.104.189
22-Dec-2021 15:17:12.643 INFORMACIÓN [http-nio-80-exec-51] org.apache.catalina.core.ApplicationContext.log CewolfServlet: connection: keep-alive
22-Dec-2021 15:17:12.644 INFORMACIÓN [http-nio-80-exec-51] org.apache.catalina.core.ApplicationContext.log CewolfServlet: user-agent: Mozilla/5.0 (Windows NT 10.0; Win64; x64) AppleWebKit/537.36 (KHTML, like Gecko) Chrome/96.0.4664.110 Safari/537.36
22-Dec-2021 15:17:12.644 INFORMACIÓN [http-nio-80-exec-51] org.apache.catalina.core.ApplicationContext.log CewolfServlet: accept: image/avif,image/webp,image/apng,image/svg+xml,image/*,*/*;q=0.8
22-Dec-2021 15:17:12.644 INFORMACIÓN [http-nio-80-exec-51] org.apache.catalina.core.ApplicationContext.log CewolfServlet: referer: http://172.27.104.189/ges/showSuministro.do
22-Dec-2021 15:17:12.644 INFORMACIÓN [http-nio-80-exec-51] org.apache.catalina.core.ApplicationContext.log CewolfServlet: accept-encoding: gzip, deflate
22-Dec-2021 15:17:12.644 INFORMACIÓN [http-nio-80-exec-51] org.apache.catalina.core.ApplicationContext.log CewolfServlet: accept-language: es-ES,es;q=0.9,gl;q=0.8
22-Dec-2021 15:17:12.644 INFORMACIÓN [http-nio-80-exec-51] org.apache.catalina.core.ApplicationContext.log CewolfServlet: cookie: JSESSIONID=812CA6D3D9F5BBBA3101330541DDFE6F
22-Dec-2021 15:17:12.644 INFORMACIÓN [http-nio-80-exec-51] org.apache.catalina.core.ApplicationContext.log CewolfServlet: 
22-Dec-2021 15:17:12.644 INFORMACIÓN [http-nio-80-exec-51] org.apache.catalina.core.ApplicationContext.log CewolfServlet: creation time for chart -1741571161: 0ms.
22-Dec-2021 15:17:12.745 INFORMACIÓN [http-nio-80-exec-52] org.apache.catalina.core.ApplicationContext.log CewolfServlet: Cewolf request:
22-Dec-2021 15:17:12.745 INFORMACIÓN [http-nio-80-exec-52] org.apache.catalina.core.ApplicationContext.log CewolfServlet: host: 172.27.104.189
22-Dec-2021 15:17:12.745 INFORMACIÓN [http-nio-80-exec-52] org.apache.catalina.core.ApplicationContext.log CewolfServlet: connection: keep-alive
22-Dec-2021 15:17:12.745 INFORMACIÓN [http-nio-80-exec-52] org.apache.catalina.core.ApplicationContext.log CewolfServlet: user-agent: Mozilla/5.0 (Windows NT 10.0; Win64; x64) AppleWebKit/537.36 (KHTML, like Gecko) Chrome/96.0.4664.110 Safari/537.36
22-Dec-2021 15:17:12.745 INFORMACIÓN [http-nio-80-exec-52] org.apache.catalina.core.ApplicationContext.log CewolfServlet: accept: image/avif,image/webp,image/apng,image/svg+xml,image/*,*/*;q=0.8
22-Dec-2021 15:17:12.745 INFORMACIÓN [http-nio-80-exec-52] org.apache.catalina.core.ApplicationContext.log CewolfServlet: referer: http://172.27.104.189/ges/showSuministro.do
22-Dec-2021 15:17:12.745 INFORMACIÓN [http-nio-80-exec-52] org.apache.catalina.core.ApplicationContext.log CewolfServlet: accept-encoding: gzip, deflate
22-Dec-2021 15:17:12.745 INFORMACIÓN [http-nio-80-exec-52] org.apache.catalina.core.ApplicationContext.log CewolfServlet: accept-language: es-ES,es;q=0.9,gl;q=0.8
22-Dec-2021 15:17:12.745 INFORMACIÓN [http-nio-80-exec-52] org.apache.catalina.core.ApplicationContext.log CewolfServlet: cookie: JSESSIONID=812CA6D3D9F5BBBA3101330541DDFE6F
22-Dec-2021 15:17:12.745 INFORMACIÓN [http-nio-80-exec-52] org.apache.catalina.core.ApplicationContext.log CewolfServlet: 
22-Dec-2021 15:17:12.745 INFORMACIÓN [http-nio-80-exec-52] org.apache.catalina.core.ApplicationContext.log CewolfServlet: creation time for chart 1946064954: 0ms.
22-Dec-2021 15:17:12.780 INFORMACIÓN [http-nio-80-exec-54] org.apache.catalina.core.ApplicationContext.log CewolfServlet: Cewolf request:
22-Dec-2021 15:17:12.780 INFORMACIÓN [http-nio-80-exec-54] org.apache.catalina.core.ApplicationContext.log CewolfServlet: host: 172.27.104.189
22-Dec-2021 15:17:12.780 INFORMACIÓN [http-nio-80-exec-54] org.apache.catalina.core.ApplicationContext.log CewolfServlet: connection: keep-alive
22-Dec-2021 15:17:12.780 INFORMACIÓN [http-nio-80-exec-54] org.apache.catalina.core.ApplicationContext.log CewolfServlet: user-agent: Mozilla/5.0 (Windows NT 10.0; Win64; x64) AppleWebKit/537.36 (KHTML, like Gecko) Chrome/96.0.4664.110 Safari/537.36
22-Dec-2021 15:17:12.780 INFORMACIÓN [http-nio-80-exec-54] org.apache.catalina.core.ApplicationContext.log CewolfServlet: accept: image/avif,image/webp,image/apng,image/svg+xml,image/*,*/*;q=0.8
22-Dec-2021 15:17:12.780 INFORMACIÓN [http-nio-80-exec-54] org.apache.catalina.core.ApplicationContext.log CewolfServlet: referer: http://172.27.104.189/ges/showSuministro.do
22-Dec-2021 15:17:12.780 INFORMACIÓN [http-nio-80-exec-54] org.apache.catalina.core.ApplicationContext.log CewolfServlet: accept-encoding: gzip, deflate
22-Dec-2021 15:17:12.780 INFORMACIÓN [http-nio-80-exec-54] org.apache.catalina.core.ApplicationContext.log CewolfServlet: accept-language: es-ES,es;q=0.9,gl;q=0.8
22-Dec-2021 15:17:12.780 INFORMACIÓN [http-nio-80-exec-54] org.apache.catalina.core.ApplicationContext.log CewolfServlet: cookie: JSESSIONID=812CA6D3D9F5BBBA3101330541DDFE6F
22-Dec-2021 15:17:12.780 INFORMACIÓN [http-nio-80-exec-54] org.apache.catalina.core.ApplicationContext.log CewolfServlet: 
22-Dec-2021 15:17:12.780 INFORMACIÓN [http-nio-80-exec-54] org.apache.catalina.core.ApplicationContext.log CewolfServlet: creation time for chart -105170415: 0ms.
22-Dec-2021 18:43:44.742 GRAVE [http-nio-80-exec-52] org.apache.catalina.core.ApplicationDispatcher.invoke El Servlet.service() para servlet [jsp] lanzó una excepción
 javax.servlet.jsp.JspException: Cannot find bean under name usuarios
	at org.apache.struts.taglib.html.OptionsTag.getIterator(OptionsTag.java:407)
	at org.apache.struts.taglib.html.OptionsTag.doEndTag(OptionsTag.java:232)
	at org.apache.jsp.pages.imputaciones_jsp._jspx_meth_html_005foptions_005f0(imputaciones_jsp.java:810)
	at org.apache.jsp.pages.imputaciones_jsp._jspx_meth_html_005fselect_005f1(imputaciones_jsp.java:770)
	at org.apache.jsp.pages.imputaciones_jsp._jspx_meth_html_005fform_005f0(imputaciones_jsp.java:511)
	at org.apache.jsp.pages.imputaciones_jsp._jspService(imputaciones_jsp.java:224)
	at org.apache.jasper.runtime.HttpJspBase.service(HttpJspBase.java:70)
	at javax.servlet.http.HttpServlet.service(HttpServlet.java:741)
	at org.apache.jasper.servlet.JspServletWrapper.service(JspServletWrapper.java:476)
	at org.apache.jasper.servlet.JspServlet.serviceJspFile(JspServlet.java:385)
	at org.apache.jasper.servlet.JspServlet.service(JspServlet.java:329)
	at javax.servlet.http.HttpServlet.service(HttpServlet.java:741)
	at org.apache.catalina.core.ApplicationFilterChain.internalDoFilter(ApplicationFilterChain.java:231)
	at org.apache.catalina.core.ApplicationFilterChain.doFilter(ApplicationFilterChain.java:166)
	at org.apache.catalina.core.ApplicationDispatcher.invoke(ApplicationDispatcher.java:712)
	at org.apache.catalina.core.ApplicationDispatcher.doInclude(ApplicationDispatcher.java:580)
	at org.apache.catalina.core.ApplicationDispatcher.include(ApplicationDispatcher.java:516)
	at org.apache.jasper.runtime.JspRuntimeLibrary.include(JspRuntimeLibrary.java:868)
	at org.apache.jasper.runtime.PageContextImpl.include(PageContextImpl.java:490)
	at org.apache.struts.tiles.TilesUtilImpl.doInclude(TilesUtilImpl.java:137)
	at org.apache.struts.tiles.TilesUtil.doInclude(TilesUtil.java:177)
	at org.apache.struts.taglib.tiles.InsertTag.doInclude(InsertTag.java:756)
	at org.apache.struts.taglib.tiles.InsertTag$InsertHandler.doEndTag(InsertTag.java:881)
	at org.apache.struts.taglib.tiles.InsertTag.doEndTag(InsertTag.java:473)
	at org.apache.jsp.pages.layouts.menuLayout_jsp._jspx_meth_tiles_005finsert_005f1(menuLayout_jsp.java:362)
	at org.apache.jsp.pages.layouts.menuLayout_jsp._jspService(menuLayout_jsp.java:192)
	at org.apache.jasper.runtime.HttpJspBase.service(HttpJspBase.java:70)
	at javax.servlet.http.HttpServlet.service(HttpServlet.java:741)
	at org.apache.jasper.servlet.JspServletWrapper.service(JspServletWrapper.java:476)
	at org.apache.jasper.servlet.JspServlet.serviceJspFile(JspServlet.java:385)
	at org.apache.jasper.servlet.JspServlet.service(JspServlet.java:329)
	at javax.servlet.http.HttpServlet.service(HttpServlet.java:741)
	at org.apache.catalina.core.ApplicationFilterChain.internalDoFilter(ApplicationFilterChain.java:231)
	at org.apache.catalina.core.ApplicationFilterChain.doFilter(ApplicationFilterChain.java:166)
	at org.apache.tomcat.websocket.server.WsFilter.doFilter(WsFilter.java:53)
	at org.apache.catalina.core.ApplicationFilterChain.internalDoFilter(ApplicationFilterChain.java:193)
	at org.apache.catalina.core.ApplicationFilterChain.doFilter(ApplicationFilterChain.java:166)
	at org.apache.catalina.core.ApplicationDispatcher.invoke(ApplicationDispatcher.java:712)
	at org.apache.catalina.core.ApplicationDispatcher.processRequest(ApplicationDispatcher.java:459)
	at org.apache.catalina.core.ApplicationDispatcher.doForward(ApplicationDispatcher.java:384)
	at org.apache.catalina.core.ApplicationDispatcher.forward(ApplicationDispatcher.java:312)
	at org.apache.struts.action.RequestProcessor.doForward(RequestProcessor.java:1069)
	at org.apache.struts.tiles.TilesRequestProcessor.doForward(TilesRequestProcessor.java:274)
	at org.apache.struts.tiles.TilesRequestProcessor.processTilesDefinition(TilesRequestProcessor.java:254)
	at org.apache.struts.tiles.TilesRequestProcessor.processForwardConfig(TilesRequestProcessor.java:309)
	at org.apache.struts.action.RequestProcessor.process(RequestProcessor.java:279)
	at org.apache.struts.action.ActionServlet.process(ActionServlet.java:1482)
	at org.apache.struts.action.ActionServlet.doPost(ActionServlet.java:525)
	at javax.servlet.http.HttpServlet.service(HttpServlet.java:660)
	at javax.servlet.http.HttpServlet.service(HttpServlet.java:741)
	at org.apache.catalina.core.ApplicationFilterChain.internalDoFilter(ApplicationFilterChain.java:231)
	at org.apache.catalina.core.ApplicationFilterChain.doFilter(ApplicationFilterChain.java:166)
	at org.apache.tomcat.websocket.server.WsFilter.doFilter(WsFilter.java:53)
	at org.apache.catalina.core.ApplicationFilterChain.internalDoFilter(ApplicationFilterChain.java:193)
	at org.apache.catalina.core.ApplicationFilterChain.doFilter(ApplicationFilterChain.java:166)
	at org.apache.catalina.core.StandardWrapperValve.invoke(StandardWrapperValve.java:200)
	at org.apache.catalina.core.StandardContextValve.invoke(StandardContextValve.java:96)
	at org.apache.catalina.authenticator.AuthenticatorBase.invoke(AuthenticatorBase.java:490)
	at org.apache.catalina.core.StandardHostValve.invoke(StandardHostValve.java:139)
	at org.apache.catalina.valves.ErrorReportValve.invoke(ErrorReportValve.java:92)
	at org.apache.catalina.valves.AbstractAccessLogValve.invoke(AbstractAccessLogValve.java:668)
	at org.apache.catalina.core.StandardEngineValve.invoke(StandardEngineValve.java:74)
	at org.apache.catalina.connector.CoyoteAdapter.service(CoyoteAdapter.java:343)
	at org.apache.coyote.http11.Http11Processor.service(Http11Processor.java:408)
	at org.apache.coyote.AbstractProcessorLight.process(AbstractProcessorLight.java:66)
	at org.apache.coyote.AbstractProtocol$ConnectionHandler.process(AbstractProtocol.java:834)
	at org.apache.tomcat.util.net.NioEndpoint$SocketProcessor.doRun(NioEndpoint.java:1415)
	at org.apache.tomcat.util.net.SocketProcessorBase.run(SocketProcessorBase.java:49)
	at java.base/java.util.concurrent.ThreadPoolExecutor.runWorker(ThreadPoolExecutor.java:1128)
	at java.base/java.util.concurrent.ThreadPoolExecutor$Worker.run(ThreadPoolExecutor.java:628)
	at org.apache.tomcat.util.threads.TaskThread$WrappingRunnable.run(TaskThread.java:61)
	at java.base/java.lang.Thread.run(Thread.java:829)

