09-Dec-2021 12:55:52.156 GRAVE [http-nio-80-exec-10] org.apache.catalina.core.ApplicationDispatcher.invoke El Servlet.service() para servlet [jsp] lanzó una excepción
 java.lang.NullPointerException
	at ges.view.forms.FacturaForm.getTarifa(FacturaForm.java:754)
	at jdk.internal.reflect.GeneratedMethodAccessor105.invoke(Unknown Source)
	at java.base/jdk.internal.reflect.DelegatingMethodAccessorImpl.invoke(DelegatingMethodAccessorImpl.java:43)
	at java.base/java.lang.reflect.Method.invoke(Method.java:566)
	at javax.el.BeanELResolver.getValue(BeanELResolver.java:94)
	at org.apache.jasper.el.JasperELResolver.getValue(JasperELResolver.java:113)
	at org.apache.el.parser.AstValue.getValue(AstValue.java:169)
	at org.apache.el.ValueExpressionImpl.getValue(ValueExpressionImpl.java:190)
	at org.apache.jasper.runtime.PageContextImpl.proprietaryEvaluate(PageContextImpl.java:701)
	at org.apache.jsp.pages.factura.step_005f5_jsp._jspService(step_005f5_jsp.java:368)
	at org.apache.jasper.runtime.HttpJspBase.service(HttpJspBase.java:70)
	at javax.servlet.http.HttpServlet.service(HttpServlet.java:741)
	at org.apache.jasper.servlet.JspServletWrapper.service(JspServletWrapper.java:476)
	at org.apache.jasper.servlet.JspServlet.serviceJspFile(JspServlet.java:385)
	at org.apache.jasper.servlet.JspServlet.service(JspServlet.java:329)
	at javax.servlet.http.HttpServlet.service(HttpServlet.java:741)
	at org.apache.catalina.core.ApplicationFilterChain.internalDoFilter(ApplicationFilterChain.java:231)
	at org.apache.catalina.core.ApplicationFilterChain.doFilter(ApplicationFilterChain.java:166)
	at org.apache.catalina.core.ApplicationDispatcher.invoke(ApplicationDispatcher.java:712)
	at org.apache.catalina.core.ApplicationDispatcher.doInclude(ApplicationDispatcher.java:580)
	at org.apache.catalina.core.ApplicationDispatcher.include(ApplicationDispatcher.java:516)
	at org.apache.jasper.runtime.JspRuntimeLibrary.include(JspRuntimeLibrary.java:868)
	at org.apache.jasper.runtime.PageContextImpl.include(PageContextImpl.java:490)
	at org.apache.struts.tiles.TilesUtilImpl.doInclude(TilesUtilImpl.java:137)
	at org.apache.struts.tiles.TilesUtil.doInclude(TilesUtil.java:177)
	at org.apache.struts.taglib.tiles.InsertTag.doInclude(InsertTag.java:756)
	at org.apache.struts.taglib.tiles.InsertTag$InsertHandler.doEndTag(InsertTag.java:881)
	at org.apache.struts.taglib.tiles.InsertTag.doEndTag(InsertTag.java:473)
	at org.apache.jsp.pages.layouts.menuLayout_jsp._jspx_meth_tiles_005finsert_005f1(menuLayout_jsp.java:362)
	at org.apache.jsp.pages.layouts.menuLayout_jsp._jspService(menuLayout_jsp.java:192)
	at org.apache.jasper.runtime.HttpJspBase.service(HttpJspBase.java:70)
	at javax.servlet.http.HttpServlet.service(HttpServlet.java:741)
	at org.apache.jasper.servlet.JspServletWrapper.service(JspServletWrapper.java:476)
	at org.apache.jasper.servlet.JspServlet.serviceJspFile(JspServlet.java:385)
	at org.apache.jasper.servlet.JspServlet.service(JspServlet.java:329)
	at javax.servlet.http.HttpServlet.service(HttpServlet.java:741)
	at org.apache.catalina.core.ApplicationFilterChain.internalDoFilter(ApplicationFilterChain.java:231)
	at org.apache.catalina.core.ApplicationFilterChain.doFilter(ApplicationFilterChain.java:166)
	at org.apache.tomcat.websocket.server.WsFilter.doFilter(WsFilter.java:53)
	at org.apache.catalina.core.ApplicationFilterChain.internalDoFilter(ApplicationFilterChain.java:193)
	at org.apache.catalina.core.ApplicationFilterChain.doFilter(ApplicationFilterChain.java:166)
	at org.apache.catalina.core.ApplicationDispatcher.invoke(ApplicationDispatcher.java:712)
	at org.apache.catalina.core.ApplicationDispatcher.processRequest(ApplicationDispatcher.java:459)
	at org.apache.catalina.core.ApplicationDispatcher.doForward(ApplicationDispatcher.java:384)
	at org.apache.catalina.core.ApplicationDispatcher.forward(ApplicationDispatcher.java:312)
	at org.apache.struts.action.RequestProcessor.doForward(RequestProcessor.java:1069)
	at org.apache.struts.tiles.TilesRequestProcessor.doForward(TilesRequestProcessor.java:274)
	at org.apache.struts.tiles.TilesRequestProcessor.processTilesDefinition(TilesRequestProcessor.java:254)
	at org.apache.struts.tiles.TilesRequestProcessor.processForwardConfig(TilesRequestProcessor.java:309)
	at org.apache.struts.action.RequestProcessor.process(RequestProcessor.java:279)
	at org.apache.struts.action.ActionServlet.process(ActionServlet.java:1482)
	at org.apache.struts.action.ActionServlet.doPost(ActionServlet.java:525)
	at javax.servlet.http.HttpServlet.service(HttpServlet.java:660)
	at javax.servlet.http.HttpServlet.service(HttpServlet.java:741)
	at org.apache.catalina.core.ApplicationFilterChain.internalDoFilter(ApplicationFilterChain.java:231)
	at org.apache.catalina.core.ApplicationFilterChain.doFilter(ApplicationFilterChain.java:166)
	at org.apache.tomcat.websocket.server.WsFilter.doFilter(WsFilter.java:53)
	at org.apache.catalina.core.ApplicationFilterChain.internalDoFilter(ApplicationFilterChain.java:193)
	at org.apache.catalina.core.ApplicationFilterChain.doFilter(ApplicationFilterChain.java:166)
	at org.apache.catalina.core.StandardWrapperValve.invoke(StandardWrapperValve.java:200)
	at org.apache.catalina.core.StandardContextValve.invoke(StandardContextValve.java:96)
	at org.apache.catalina.authenticator.AuthenticatorBase.invoke(AuthenticatorBase.java:490)
	at org.apache.catalina.core.StandardHostValve.invoke(StandardHostValve.java:139)
	at org.apache.catalina.valves.ErrorReportValve.invoke(ErrorReportValve.java:92)
	at org.apache.catalina.valves.AbstractAccessLogValve.invoke(AbstractAccessLogValve.java:668)
	at org.apache.catalina.core.StandardEngineValve.invoke(StandardEngineValve.java:74)
	at org.apache.catalina.connector.CoyoteAdapter.service(CoyoteAdapter.java:343)
	at org.apache.coyote.http11.Http11Processor.service(Http11Processor.java:408)
	at org.apache.coyote.AbstractProcessorLight.process(AbstractProcessorLight.java:66)
	at org.apache.coyote.AbstractProtocol$ConnectionHandler.process(AbstractProtocol.java:834)
	at org.apache.tomcat.util.net.NioEndpoint$SocketProcessor.doRun(NioEndpoint.java:1415)
	at org.apache.tomcat.util.net.SocketProcessorBase.run(SocketProcessorBase.java:49)
	at java.base/java.util.concurrent.ThreadPoolExecutor.runWorker(ThreadPoolExecutor.java:1128)
	at java.base/java.util.concurrent.ThreadPoolExecutor$Worker.run(ThreadPoolExecutor.java:628)
	at org.apache.tomcat.util.threads.TaskThread$WrappingRunnable.run(TaskThread.java:61)
	at java.base/java.lang.Thread.run(Thread.java:829)

09-Dec-2021 15:28:35.438 INFORMACIÓN [http-nio-80-exec-6] org.apache.catalina.core.ApplicationContext.log CewolfServlet: Cewolf request:
09-Dec-2021 15:28:35.439 INFORMACIÓN [http-nio-80-exec-6] org.apache.catalina.core.ApplicationContext.log CewolfServlet: host: 172.27.104.189
09-Dec-2021 15:28:35.439 INFORMACIÓN [http-nio-80-exec-6] org.apache.catalina.core.ApplicationContext.log CewolfServlet: connection: keep-alive
09-Dec-2021 15:28:35.439 INFORMACIÓN [http-nio-80-exec-6] org.apache.catalina.core.ApplicationContext.log CewolfServlet: user-agent: Mozilla/5.0 (Windows NT 10.0; Win64; x64) AppleWebKit/537.36 (KHTML, like Gecko) Chrome/96.0.4664.45 Safari/537.36
09-Dec-2021 15:28:35.439 INFORMACIÓN [http-nio-80-exec-6] org.apache.catalina.core.ApplicationContext.log CewolfServlet: accept: image/avif,image/webp,image/apng,image/svg+xml,image/*,*/*;q=0.8
09-Dec-2021 15:28:35.439 INFORMACIÓN [http-nio-80-exec-6] org.apache.catalina.core.ApplicationContext.log CewolfServlet: referer: http://172.27.104.189/ges/showSuministro.do
09-Dec-2021 15:28:35.439 INFORMACIÓN [http-nio-80-exec-6] org.apache.catalina.core.ApplicationContext.log CewolfServlet: accept-encoding: gzip, deflate
09-Dec-2021 15:28:35.439 INFORMACIÓN [http-nio-80-exec-6] org.apache.catalina.core.ApplicationContext.log CewolfServlet: accept-language: es-ES,es;q=0.9,gl;q=0.8
09-Dec-2021 15:28:35.439 INFORMACIÓN [http-nio-80-exec-6] org.apache.catalina.core.ApplicationContext.log CewolfServlet: cookie: JSESSIONID=E7223D1F32D86A765FA2E792B710EF6B
09-Dec-2021 15:28:35.439 INFORMACIÓN [http-nio-80-exec-6] org.apache.catalina.core.ApplicationContext.log CewolfServlet: 
09-Dec-2021 15:28:35.439 INFORMACIÓN [http-nio-80-exec-6] org.apache.catalina.core.ApplicationContext.log CewolfServlet: creation time for chart -780283121: 0ms.
09-Dec-2021 15:28:35.495 INFORMACIÓN [http-nio-80-exec-4] org.apache.catalina.core.ApplicationContext.log CewolfServlet: Cewolf request:
09-Dec-2021 15:28:35.496 INFORMACIÓN [http-nio-80-exec-4] org.apache.catalina.core.ApplicationContext.log CewolfServlet: host: 172.27.104.189
09-Dec-2021 15:28:35.496 INFORMACIÓN [http-nio-80-exec-4] org.apache.catalina.core.ApplicationContext.log CewolfServlet: connection: keep-alive
09-Dec-2021 15:28:35.496 INFORMACIÓN [http-nio-80-exec-4] org.apache.catalina.core.ApplicationContext.log CewolfServlet: user-agent: Mozilla/5.0 (Windows NT 10.0; Win64; x64) AppleWebKit/537.36 (KHTML, like Gecko) Chrome/96.0.4664.45 Safari/537.36
09-Dec-2021 15:28:35.496 INFORMACIÓN [http-nio-80-exec-4] org.apache.catalina.core.ApplicationContext.log CewolfServlet: accept: image/avif,image/webp,image/apng,image/svg+xml,image/*,*/*;q=0.8
09-Dec-2021 15:28:35.496 INFORMACIÓN [http-nio-80-exec-4] org.apache.catalina.core.ApplicationContext.log CewolfServlet: referer: http://172.27.104.189/ges/showSuministro.do
09-Dec-2021 15:28:35.496 INFORMACIÓN [http-nio-80-exec-4] org.apache.catalina.core.ApplicationContext.log CewolfServlet: accept-encoding: gzip, deflate
09-Dec-2021 15:28:35.496 INFORMACIÓN [http-nio-80-exec-4] org.apache.catalina.core.ApplicationContext.log CewolfServlet: accept-language: es-ES,es;q=0.9,gl;q=0.8
09-Dec-2021 15:28:35.496 INFORMACIÓN [http-nio-80-exec-4] org.apache.catalina.core.ApplicationContext.log CewolfServlet: cookie: JSESSIONID=E7223D1F32D86A765FA2E792B710EF6B
09-Dec-2021 15:28:35.496 INFORMACIÓN [http-nio-80-exec-4] org.apache.catalina.core.ApplicationContext.log CewolfServlet: 
09-Dec-2021 15:28:35.496 INFORMACIÓN [http-nio-80-exec-4] org.apache.catalina.core.ApplicationContext.log CewolfServlet: creation time for chart -475346219: 0ms.
09-Dec-2021 15:28:35.552 INFORMACIÓN [http-nio-80-exec-1] org.apache.catalina.core.ApplicationContext.log CewolfServlet: Cewolf request:
09-Dec-2021 15:28:35.552 INFORMACIÓN [http-nio-80-exec-1] org.apache.catalina.core.ApplicationContext.log CewolfServlet: host: 172.27.104.189
09-Dec-2021 15:28:35.552 INFORMACIÓN [http-nio-80-exec-1] org.apache.catalina.core.ApplicationContext.log CewolfServlet: connection: keep-alive
09-Dec-2021 15:28:35.552 INFORMACIÓN [http-nio-80-exec-1] org.apache.catalina.core.ApplicationContext.log CewolfServlet: user-agent: Mozilla/5.0 (Windows NT 10.0; Win64; x64) AppleWebKit/537.36 (KHTML, like Gecko) Chrome/96.0.4664.45 Safari/537.36
09-Dec-2021 15:28:35.552 INFORMACIÓN [http-nio-80-exec-1] org.apache.catalina.core.ApplicationContext.log CewolfServlet: accept: image/avif,image/webp,image/apng,image/svg+xml,image/*,*/*;q=0.8
09-Dec-2021 15:28:35.552 INFORMACIÓN [http-nio-80-exec-1] org.apache.catalina.core.ApplicationContext.log CewolfServlet: referer: http://172.27.104.189/ges/showSuministro.do
09-Dec-2021 15:28:35.552 INFORMACIÓN [http-nio-80-exec-1] org.apache.catalina.core.ApplicationContext.log CewolfServlet: accept-encoding: gzip, deflate
09-Dec-2021 15:28:35.552 INFORMACIÓN [http-nio-80-exec-1] org.apache.catalina.core.ApplicationContext.log CewolfServlet: accept-language: es-ES,es;q=0.9,gl;q=0.8
09-Dec-2021 15:28:35.552 INFORMACIÓN [http-nio-80-exec-1] org.apache.catalina.core.ApplicationContext.log CewolfServlet: cookie: JSESSIONID=E7223D1F32D86A765FA2E792B710EF6B
09-Dec-2021 15:28:35.552 INFORMACIÓN [http-nio-80-exec-1] org.apache.catalina.core.ApplicationContext.log CewolfServlet: 
09-Dec-2021 15:28:35.552 INFORMACIÓN [http-nio-80-exec-1] org.apache.catalina.core.ApplicationContext.log CewolfServlet: creation time for chart -2097826601: 0ms.
09-Dec-2021 15:28:35.605 INFORMACIÓN [http-nio-80-exec-9] org.apache.catalina.core.ApplicationContext.log CewolfServlet: Cewolf request:
09-Dec-2021 15:28:35.605 INFORMACIÓN [http-nio-80-exec-9] org.apache.catalina.core.ApplicationContext.log CewolfServlet: host: 172.27.104.189
09-Dec-2021 15:28:35.605 INFORMACIÓN [http-nio-80-exec-9] org.apache.catalina.core.ApplicationContext.log CewolfServlet: connection: keep-alive
09-Dec-2021 15:28:35.605 INFORMACIÓN [http-nio-80-exec-9] org.apache.catalina.core.ApplicationContext.log CewolfServlet: user-agent: Mozilla/5.0 (Windows NT 10.0; Win64; x64) AppleWebKit/537.36 (KHTML, like Gecko) Chrome/96.0.4664.45 Safari/537.36
09-Dec-2021 15:28:35.605 INFORMACIÓN [http-nio-80-exec-9] org.apache.catalina.core.ApplicationContext.log CewolfServlet: accept: image/avif,image/webp,image/apng,image/svg+xml,image/*,*/*;q=0.8
09-Dec-2021 15:28:35.605 INFORMACIÓN [http-nio-80-exec-9] org.apache.catalina.core.ApplicationContext.log CewolfServlet: referer: http://172.27.104.189/ges/showSuministro.do
09-Dec-2021 15:28:35.605 INFORMACIÓN [http-nio-80-exec-9] org.apache.catalina.core.ApplicationContext.log CewolfServlet: accept-encoding: gzip, deflate
09-Dec-2021 15:28:35.605 INFORMACIÓN [http-nio-80-exec-9] org.apache.catalina.core.ApplicationContext.log CewolfServlet: accept-language: es-ES,es;q=0.9,gl;q=0.8
09-Dec-2021 15:28:35.605 INFORMACIÓN [http-nio-80-exec-9] org.apache.catalina.core.ApplicationContext.log CewolfServlet: cookie: JSESSIONID=E7223D1F32D86A765FA2E792B710EF6B
09-Dec-2021 15:28:35.608 INFORMACIÓN [http-nio-80-exec-9] org.apache.catalina.core.ApplicationContext.log CewolfServlet: 
09-Dec-2021 15:28:35.609 INFORMACIÓN [http-nio-80-exec-9] org.apache.catalina.core.ApplicationContext.log CewolfServlet: creation time for chart 1157077884: 0ms.
09-Dec-2021 15:28:35.694 INFORMACIÓN [http-nio-80-exec-2] org.apache.catalina.core.ApplicationContext.log CewolfServlet: Cewolf request:
09-Dec-2021 15:28:35.694 INFORMACIÓN [http-nio-80-exec-2] org.apache.catalina.core.ApplicationContext.log CewolfServlet: host: 172.27.104.189
09-Dec-2021 15:28:35.695 INFORMACIÓN [http-nio-80-exec-2] org.apache.catalina.core.ApplicationContext.log CewolfServlet: connection: keep-alive
09-Dec-2021 15:28:35.695 INFORMACIÓN [http-nio-80-exec-2] org.apache.catalina.core.ApplicationContext.log CewolfServlet: user-agent: Mozilla/5.0 (Windows NT 10.0; Win64; x64) AppleWebKit/537.36 (KHTML, like Gecko) Chrome/96.0.4664.45 Safari/537.36
09-Dec-2021 15:28:35.695 INFORMACIÓN [http-nio-80-exec-2] org.apache.catalina.core.ApplicationContext.log CewolfServlet: accept: image/avif,image/webp,image/apng,image/svg+xml,image/*,*/*;q=0.8
09-Dec-2021 15:28:35.695 INFORMACIÓN [http-nio-80-exec-2] org.apache.catalina.core.ApplicationContext.log CewolfServlet: referer: http://172.27.104.189/ges/showSuministro.do
09-Dec-2021 15:28:35.695 INFORMACIÓN [http-nio-80-exec-2] org.apache.catalina.core.ApplicationContext.log CewolfServlet: accept-encoding: gzip, deflate
09-Dec-2021 15:28:35.695 INFORMACIÓN [http-nio-80-exec-2] org.apache.catalina.core.ApplicationContext.log CewolfServlet: accept-language: es-ES,es;q=0.9,gl;q=0.8
09-Dec-2021 15:28:35.695 INFORMACIÓN [http-nio-80-exec-2] org.apache.catalina.core.ApplicationContext.log CewolfServlet: cookie: JSESSIONID=E7223D1F32D86A765FA2E792B710EF6B
09-Dec-2021 15:28:35.695 INFORMACIÓN [http-nio-80-exec-2] org.apache.catalina.core.ApplicationContext.log CewolfServlet: 
09-Dec-2021 15:28:35.695 INFORMACIÓN [http-nio-80-exec-2] org.apache.catalina.core.ApplicationContext.log CewolfServlet: creation time for chart -2082679516: 0ms.
09-Dec-2021 15:28:35.695 INFORMACIÓN [http-nio-80-exec-7] org.apache.catalina.core.ApplicationContext.log CewolfServlet: Cewolf request:
09-Dec-2021 15:28:35.695 INFORMACIÓN [http-nio-80-exec-7] org.apache.catalina.core.ApplicationContext.log CewolfServlet: host: 172.27.104.189
09-Dec-2021 15:28:35.695 INFORMACIÓN [http-nio-80-exec-7] org.apache.catalina.core.ApplicationContext.log CewolfServlet: connection: keep-alive
09-Dec-2021 15:28:35.695 INFORMACIÓN [http-nio-80-exec-7] org.apache.catalina.core.ApplicationContext.log CewolfServlet: user-agent: Mozilla/5.0 (Windows NT 10.0; Win64; x64) AppleWebKit/537.36 (KHTML, like Gecko) Chrome/96.0.4664.45 Safari/537.36
09-Dec-2021 15:28:35.695 INFORMACIÓN [http-nio-80-exec-7] org.apache.catalina.core.ApplicationContext.log CewolfServlet: accept: image/avif,image/webp,image/apng,image/svg+xml,image/*,*/*;q=0.8
09-Dec-2021 15:28:35.695 INFORMACIÓN [http-nio-80-exec-7] org.apache.catalina.core.ApplicationContext.log CewolfServlet: referer: http://172.27.104.189/ges/showSuministro.do
09-Dec-2021 15:28:35.695 INFORMACIÓN [http-nio-80-exec-7] org.apache.catalina.core.ApplicationContext.log CewolfServlet: accept-encoding: gzip, deflate
09-Dec-2021 15:28:35.695 INFORMACIÓN [http-nio-80-exec-7] org.apache.catalina.core.ApplicationContext.log CewolfServlet: accept-language: es-ES,es;q=0.9,gl;q=0.8
09-Dec-2021 15:28:35.695 INFORMACIÓN [http-nio-80-exec-7] org.apache.catalina.core.ApplicationContext.log CewolfServlet: cookie: JSESSIONID=E7223D1F32D86A765FA2E792B710EF6B
09-Dec-2021 15:28:35.695 INFORMACIÓN [http-nio-80-exec-7] org.apache.catalina.core.ApplicationContext.log CewolfServlet: 
09-Dec-2021 15:28:35.696 INFORMACIÓN [http-nio-80-exec-7] org.apache.catalina.core.ApplicationContext.log CewolfServlet: creation time for chart 167249430: 1ms.
09-Dec-2021 15:28:35.750 INFORMACIÓN [http-nio-80-exec-5] org.apache.catalina.core.ApplicationContext.log CewolfServlet: Cewolf request:
09-Dec-2021 15:28:35.750 INFORMACIÓN [http-nio-80-exec-5] org.apache.catalina.core.ApplicationContext.log CewolfServlet: host: 172.27.104.189
09-Dec-2021 15:28:35.750 INFORMACIÓN [http-nio-80-exec-5] org.apache.catalina.core.ApplicationContext.log CewolfServlet: connection: keep-alive
09-Dec-2021 15:28:35.750 INFORMACIÓN [http-nio-80-exec-5] org.apache.catalina.core.ApplicationContext.log CewolfServlet: user-agent: Mozilla/5.0 (Windows NT 10.0; Win64; x64) AppleWebKit/537.36 (KHTML, like Gecko) Chrome/96.0.4664.45 Safari/537.36
09-Dec-2021 15:28:35.750 INFORMACIÓN [http-nio-80-exec-5] org.apache.catalina.core.ApplicationContext.log CewolfServlet: accept: image/avif,image/webp,image/apng,image/svg+xml,image/*,*/*;q=0.8
09-Dec-2021 15:28:35.750 INFORMACIÓN [http-nio-80-exec-5] org.apache.catalina.core.ApplicationContext.log CewolfServlet: referer: http://172.27.104.189/ges/showSuministro.do
09-Dec-2021 15:28:35.750 INFORMACIÓN [http-nio-80-exec-5] org.apache.catalina.core.ApplicationContext.log CewolfServlet: accept-encoding: gzip, deflate
09-Dec-2021 15:28:35.750 INFORMACIÓN [http-nio-80-exec-5] org.apache.catalina.core.ApplicationContext.log CewolfServlet: accept-language: es-ES,es;q=0.9,gl;q=0.8
09-Dec-2021 15:28:35.750 INFORMACIÓN [http-nio-80-exec-5] org.apache.catalina.core.ApplicationContext.log CewolfServlet: cookie: JSESSIONID=E7223D1F32D86A765FA2E792B710EF6B
09-Dec-2021 15:28:35.750 INFORMACIÓN [http-nio-80-exec-5] org.apache.catalina.core.ApplicationContext.log CewolfServlet: 
09-Dec-2021 15:28:35.750 INFORMACIÓN [http-nio-80-exec-5] org.apache.catalina.core.ApplicationContext.log CewolfServlet: creation time for chart -671838081: 0ms.
09-Dec-2021 15:28:35.782 INFORMACIÓN [http-nio-80-exec-6] org.apache.catalina.core.ApplicationContext.log CewolfServlet: Cewolf request:
09-Dec-2021 15:28:35.782 INFORMACIÓN [http-nio-80-exec-6] org.apache.catalina.core.ApplicationContext.log CewolfServlet: host: 172.27.104.189
09-Dec-2021 15:28:35.782 INFORMACIÓN [http-nio-80-exec-6] org.apache.catalina.core.ApplicationContext.log CewolfServlet: connection: keep-alive
09-Dec-2021 15:28:35.782 INFORMACIÓN [http-nio-80-exec-6] org.apache.catalina.core.ApplicationContext.log CewolfServlet: user-agent: Mozilla/5.0 (Windows NT 10.0; Win64; x64) AppleWebKit/537.36 (KHTML, like Gecko) Chrome/96.0.4664.45 Safari/537.36
09-Dec-2021 15:28:35.782 INFORMACIÓN [http-nio-80-exec-6] org.apache.catalina.core.ApplicationContext.log CewolfServlet: accept: image/avif,image/webp,image/apng,image/svg+xml,image/*,*/*;q=0.8
09-Dec-2021 15:28:35.782 INFORMACIÓN [http-nio-80-exec-6] org.apache.catalina.core.ApplicationContext.log CewolfServlet: referer: http://172.27.104.189/ges/showSuministro.do
09-Dec-2021 15:28:35.782 INFORMACIÓN [http-nio-80-exec-6] org.apache.catalina.core.ApplicationContext.log CewolfServlet: accept-encoding: gzip, deflate
09-Dec-2021 15:28:35.782 INFORMACIÓN [http-nio-80-exec-6] org.apache.catalina.core.ApplicationContext.log CewolfServlet: accept-language: es-ES,es;q=0.9,gl;q=0.8
09-Dec-2021 15:28:35.782 INFORMACIÓN [http-nio-80-exec-6] org.apache.catalina.core.ApplicationContext.log CewolfServlet: cookie: JSESSIONID=E7223D1F32D86A765FA2E792B710EF6B
09-Dec-2021 15:28:35.782 INFORMACIÓN [http-nio-80-exec-6] org.apache.catalina.core.ApplicationContext.log CewolfServlet: 
09-Dec-2021 15:28:35.782 INFORMACIÓN [http-nio-80-exec-6] org.apache.catalina.core.ApplicationContext.log CewolfServlet: creation time for chart -819919234: 0ms.
09-Dec-2021 15:28:35.876 INFORMACIÓN [http-nio-80-exec-4] org.apache.catalina.core.ApplicationContext.log CewolfServlet: Cewolf request:
09-Dec-2021 15:28:35.876 INFORMACIÓN [http-nio-80-exec-4] org.apache.catalina.core.ApplicationContext.log CewolfServlet: host: 172.27.104.189
09-Dec-2021 15:28:35.876 INFORMACIÓN [http-nio-80-exec-4] org.apache.catalina.core.ApplicationContext.log CewolfServlet: connection: keep-alive
09-Dec-2021 15:28:35.876 INFORMACIÓN [http-nio-80-exec-4] org.apache.catalina.core.ApplicationContext.log CewolfServlet: user-agent: Mozilla/5.0 (Windows NT 10.0; Win64; x64) AppleWebKit/537.36 (KHTML, like Gecko) Chrome/96.0.4664.45 Safari/537.36
09-Dec-2021 15:28:35.881 INFORMACIÓN [http-nio-80-exec-4] org.apache.catalina.core.ApplicationContext.log CewolfServlet: accept: image/avif,image/webp,image/apng,image/svg+xml,image/*,*/*;q=0.8
09-Dec-2021 15:28:35.881 INFORMACIÓN [http-nio-80-exec-4] org.apache.catalina.core.ApplicationContext.log CewolfServlet: referer: http://172.27.104.189/ges/showSuministro.do
09-Dec-2021 15:28:35.881 INFORMACIÓN [http-nio-80-exec-4] org.apache.catalina.core.ApplicationContext.log CewolfServlet: accept-encoding: gzip, deflate
09-Dec-2021 15:28:35.881 INFORMACIÓN [http-nio-80-exec-4] org.apache.catalina.core.ApplicationContext.log CewolfServlet: accept-language: es-ES,es;q=0.9,gl;q=0.8
09-Dec-2021 15:28:35.881 INFORMACIÓN [http-nio-80-exec-4] org.apache.catalina.core.ApplicationContext.log CewolfServlet: cookie: JSESSIONID=E7223D1F32D86A765FA2E792B710EF6B
09-Dec-2021 15:28:35.881 INFORMACIÓN [http-nio-80-exec-4] org.apache.catalina.core.ApplicationContext.log CewolfServlet: 
09-Dec-2021 15:28:35.881 INFORMACIÓN [http-nio-80-exec-4] org.apache.catalina.core.ApplicationContext.log CewolfServlet: creation time for chart 1852939624: 0ms.
09-Dec-2021 15:28:35.973 INFORMACIÓN [http-nio-80-exec-9] org.apache.catalina.core.ApplicationContext.log CewolfServlet: Cewolf request:
09-Dec-2021 15:28:35.974 INFORMACIÓN [http-nio-80-exec-9] org.apache.catalina.core.ApplicationContext.log CewolfServlet: host: 172.27.104.189
09-Dec-2021 15:28:35.974 INFORMACIÓN [http-nio-80-exec-9] org.apache.catalina.core.ApplicationContext.log CewolfServlet: connection: keep-alive
09-Dec-2021 15:28:35.974 INFORMACIÓN [http-nio-80-exec-9] org.apache.catalina.core.ApplicationContext.log CewolfServlet: user-agent: Mozilla/5.0 (Windows NT 10.0; Win64; x64) AppleWebKit/537.36 (KHTML, like Gecko) Chrome/96.0.4664.45 Safari/537.36
09-Dec-2021 15:28:35.974 INFORMACIÓN [http-nio-80-exec-9] org.apache.catalina.core.ApplicationContext.log CewolfServlet: accept: image/avif,image/webp,image/apng,image/svg+xml,image/*,*/*;q=0.8
09-Dec-2021 15:28:35.974 INFORMACIÓN [http-nio-80-exec-9] org.apache.catalina.core.ApplicationContext.log CewolfServlet: referer: http://172.27.104.189/ges/showSuministro.do
09-Dec-2021 15:28:35.974 INFORMACIÓN [http-nio-80-exec-9] org.apache.catalina.core.ApplicationContext.log CewolfServlet: accept-encoding: gzip, deflate
09-Dec-2021 15:28:35.974 INFORMACIÓN [http-nio-80-exec-9] org.apache.catalina.core.ApplicationContext.log CewolfServlet: accept-language: es-ES,es;q=0.9,gl;q=0.8
09-Dec-2021 15:28:35.974 INFORMACIÓN [http-nio-80-exec-9] org.apache.catalina.core.ApplicationContext.log CewolfServlet: cookie: JSESSIONID=E7223D1F32D86A765FA2E792B710EF6B
09-Dec-2021 15:28:35.974 INFORMACIÓN [http-nio-80-exec-9] org.apache.catalina.core.ApplicationContext.log CewolfServlet: 
09-Dec-2021 15:28:35.974 INFORMACIÓN [http-nio-80-exec-9] org.apache.catalina.core.ApplicationContext.log CewolfServlet: creation time for chart -1610079497: 0ms.
09-Dec-2021 15:28:36.024 INFORMACIÓN [http-nio-80-exec-2] org.apache.catalina.core.ApplicationContext.log CewolfServlet: Cewolf request:
09-Dec-2021 15:28:36.024 INFORMACIÓN [http-nio-80-exec-2] org.apache.catalina.core.ApplicationContext.log CewolfServlet: host: 172.27.104.189
09-Dec-2021 15:28:36.024 INFORMACIÓN [http-nio-80-exec-2] org.apache.catalina.core.ApplicationContext.log CewolfServlet: connection: keep-alive
09-Dec-2021 15:28:36.024 INFORMACIÓN [http-nio-80-exec-2] org.apache.catalina.core.ApplicationContext.log CewolfServlet: user-agent: Mozilla/5.0 (Windows NT 10.0; Win64; x64) AppleWebKit/537.36 (KHTML, like Gecko) Chrome/96.0.4664.45 Safari/537.36
09-Dec-2021 15:28:36.024 INFORMACIÓN [http-nio-80-exec-2] org.apache.catalina.core.ApplicationContext.log CewolfServlet: accept: image/avif,image/webp,image/apng,image/svg+xml,image/*,*/*;q=0.8
09-Dec-2021 15:28:36.024 INFORMACIÓN [http-nio-80-exec-2] org.apache.catalina.core.ApplicationContext.log CewolfServlet: referer: http://172.27.104.189/ges/showSuministro.do
09-Dec-2021 15:28:36.025 INFORMACIÓN [http-nio-80-exec-2] org.apache.catalina.core.ApplicationContext.log CewolfServlet: accept-encoding: gzip, deflate
09-Dec-2021 15:28:36.025 INFORMACIÓN [http-nio-80-exec-2] org.apache.catalina.core.ApplicationContext.log CewolfServlet: accept-language: es-ES,es;q=0.9,gl;q=0.8
09-Dec-2021 15:28:36.025 INFORMACIÓN [http-nio-80-exec-2] org.apache.catalina.core.ApplicationContext.log CewolfServlet: cookie: JSESSIONID=E7223D1F32D86A765FA2E792B710EF6B
09-Dec-2021 15:28:36.025 INFORMACIÓN [http-nio-80-exec-2] org.apache.catalina.core.ApplicationContext.log CewolfServlet: 
09-Dec-2021 15:28:36.025 INFORMACIÓN [http-nio-80-exec-2] org.apache.catalina.core.ApplicationContext.log CewolfServlet: creation time for chart 1780225707: 0ms.
09-Dec-2021 18:22:57.351 GRAVE [http-nio-80-exec-3] org.apache.catalina.core.ApplicationDispatcher.invoke El Servlet.service() para servlet [jsp] lanzó una excepción
 javax.servlet.jsp.JspException: Cannot find bean under name marcas
	at org.apache.struts.taglib.html.OptionsTag.getIterator(OptionsTag.java:407)
	at org.apache.struts.taglib.html.OptionsTag.doEndTag(OptionsTag.java:232)
	at org.apache.jsp.pages.factura.info_jsp._jspx_meth_html_005foptions_005f0(info_jsp.java:443)
	at org.apache.jsp.pages.factura.info_jsp._jspx_meth_html_005fselect_005f0(info_jsp.java:403)
	at org.apache.jsp.pages.factura.info_jsp._jspService(info_jsp.java:173)
	at org.apache.jasper.runtime.HttpJspBase.service(HttpJspBase.java:70)
	at javax.servlet.http.HttpServlet.service(HttpServlet.java:741)
	at org.apache.jasper.servlet.JspServletWrapper.service(JspServletWrapper.java:476)
	at org.apache.jasper.servlet.JspServlet.serviceJspFile(JspServlet.java:385)
	at org.apache.jasper.servlet.JspServlet.service(JspServlet.java:329)
	at javax.servlet.http.HttpServlet.service(HttpServlet.java:741)
	at org.apache.catalina.core.ApplicationFilterChain.internalDoFilter(ApplicationFilterChain.java:231)
	at org.apache.catalina.core.ApplicationFilterChain.doFilter(ApplicationFilterChain.java:166)
	at org.apache.catalina.core.ApplicationDispatcher.invoke(ApplicationDispatcher.java:712)
	at org.apache.catalina.core.ApplicationDispatcher.doInclude(ApplicationDispatcher.java:580)
	at org.apache.catalina.core.ApplicationDispatcher.include(ApplicationDispatcher.java:516)
	at org.apache.jasper.runtime.JspRuntimeLibrary.include(JspRuntimeLibrary.java:868)
	at org.apache.jasper.runtime.PageContextImpl.include(PageContextImpl.java:490)
	at org.apache.struts.tiles.TilesUtilImpl.doInclude(TilesUtilImpl.java:137)
	at org.apache.struts.tiles.TilesUtil.doInclude(TilesUtil.java:177)
	at org.apache.struts.taglib.tiles.InsertTag.doInclude(InsertTag.java:756)
	at org.apache.struts.taglib.tiles.InsertTag$InsertHandler.doEndTag(InsertTag.java:881)
	at org.apache.struts.taglib.tiles.InsertTag.doEndTag(InsertTag.java:473)
	at org.apache.jsp.pages.factura.step_005f2_jsp._jspx_meth_tiles_005finsert_005f0(step_005f2_jsp.java:1653)
	at org.apache.jsp.pages.factura.step_005f2_jsp._jspService(step_005f2_jsp.java:589)
	at org.apache.jasper.runtime.HttpJspBase.service(HttpJspBase.java:70)
	at javax.servlet.http.HttpServlet.service(HttpServlet.java:741)
	at org.apache.jasper.servlet.JspServletWrapper.service(JspServletWrapper.java:476)
	at org.apache.jasper.servlet.JspServlet.serviceJspFile(JspServlet.java:385)
	at org.apache.jasper.servlet.JspServlet.service(JspServlet.java:329)
	at javax.servlet.http.HttpServlet.service(HttpServlet.java:741)
	at org.apache.catalina.core.ApplicationFilterChain.internalDoFilter(ApplicationFilterChain.java:231)
	at org.apache.catalina.core.ApplicationFilterChain.doFilter(ApplicationFilterChain.java:166)
	at org.apache.catalina.core.ApplicationDispatcher.invoke(ApplicationDispatcher.java:712)
	at org.apache.catalina.core.ApplicationDispatcher.doInclude(ApplicationDispatcher.java:580)
	at org.apache.catalina.core.ApplicationDispatcher.include(ApplicationDispatcher.java:516)
	at org.apache.jasper.runtime.JspRuntimeLibrary.include(JspRuntimeLibrary.java:868)
	at org.apache.jasper.runtime.PageContextImpl.include(PageContextImpl.java:490)
	at org.apache.struts.tiles.TilesUtilImpl.doInclude(TilesUtilImpl.java:137)
	at org.apache.struts.tiles.TilesUtil.doInclude(TilesUtil.java:177)
	at org.apache.struts.taglib.tiles.InsertTag.doInclude(InsertTag.java:756)
	at org.apache.struts.taglib.tiles.InsertTag$InsertHandler.doEndTag(InsertTag.java:881)
	at org.apache.struts.taglib.tiles.InsertTag.doEndTag(InsertTag.java:473)
	at org.apache.jsp.pages.layouts.menuLayout_jsp._jspx_meth_tiles_005finsert_005f1(menuLayout_jsp.java:362)
	at org.apache.jsp.pages.layouts.menuLayout_jsp._jspService(menuLayout_jsp.java:192)
	at org.apache.jasper.runtime.HttpJspBase.service(HttpJspBase.java:70)
	at javax.servlet.http.HttpServlet.service(HttpServlet.java:741)
	at org.apache.jasper.servlet.JspServletWrapper.service(JspServletWrapper.java:476)
	at org.apache.jasper.servlet.JspServlet.serviceJspFile(JspServlet.java:385)
	at org.apache.jasper.servlet.JspServlet.service(JspServlet.java:329)
	at javax.servlet.http.HttpServlet.service(HttpServlet.java:741)
	at org.apache.catalina.core.ApplicationFilterChain.internalDoFilter(ApplicationFilterChain.java:231)
	at org.apache.catalina.core.ApplicationFilterChain.doFilter(ApplicationFilterChain.java:166)
	at org.apache.tomcat.websocket.server.WsFilter.doFilter(WsFilter.java:53)
	at org.apache.catalina.core.ApplicationFilterChain.internalDoFilter(ApplicationFilterChain.java:193)
	at org.apache.catalina.core.ApplicationFilterChain.doFilter(ApplicationFilterChain.java:166)
	at org.apache.catalina.core.ApplicationDispatcher.invoke(ApplicationDispatcher.java:712)
	at org.apache.catalina.core.ApplicationDispatcher.processRequest(ApplicationDispatcher.java:459)
	at org.apache.catalina.core.ApplicationDispatcher.doForward(ApplicationDispatcher.java:384)
	at org.apache.catalina.core.ApplicationDispatcher.forward(ApplicationDispatcher.java:312)
	at org.apache.struts.action.RequestProcessor.doForward(RequestProcessor.java:1069)
	at org.apache.struts.tiles.TilesRequestProcessor.doForward(TilesRequestProcessor.java:274)
	at org.apache.struts.tiles.TilesRequestProcessor.processTilesDefinition(TilesRequestProcessor.java:254)
	at org.apache.struts.tiles.TilesRequestProcessor.internalModuleRelativeForward(TilesRequestProcessor.java:341)
	at org.apache.struts.action.RequestProcessor.processValidate(RequestProcessor.java:980)
	at org.apache.struts.action.RequestProcessor.process(RequestProcessor.java:255)
	at org.apache.struts.action.ActionServlet.process(ActionServlet.java:1482)
	at org.apache.struts.action.ActionServlet.doPost(ActionServlet.java:525)
	at javax.servlet.http.HttpServlet.service(HttpServlet.java:660)
	at javax.servlet.http.HttpServlet.service(HttpServlet.java:741)
	at org.apache.catalina.core.ApplicationFilterChain.internalDoFilter(ApplicationFilterChain.java:231)
	at org.apache.catalina.core.ApplicationFilterChain.doFilter(ApplicationFilterChain.java:166)
	at org.apache.tomcat.websocket.server.WsFilter.doFilter(WsFilter.java:53)
	at org.apache.catalina.core.ApplicationFilterChain.internalDoFilter(ApplicationFilterChain.java:193)
	at org.apache.catalina.core.ApplicationFilterChain.doFilter(ApplicationFilterChain.java:166)
	at org.apache.catalina.core.StandardWrapperValve.invoke(StandardWrapperValve.java:200)
	at org.apache.catalina.core.StandardContextValve.invoke(StandardContextValve.java:96)
	at org.apache.catalina.authenticator.AuthenticatorBase.invoke(AuthenticatorBase.java:490)
	at org.apache.catalina.core.StandardHostValve.invoke(StandardHostValve.java:139)
	at org.apache.catalina.valves.ErrorReportValve.invoke(ErrorReportValve.java:92)
	at org.apache.catalina.valves.AbstractAccessLogValve.invoke(AbstractAccessLogValve.java:668)
	at org.apache.catalina.core.StandardEngineValve.invoke(StandardEngineValve.java:74)
	at org.apache.catalina.connector.CoyoteAdapter.service(CoyoteAdapter.java:343)
	at org.apache.coyote.http11.Http11Processor.service(Http11Processor.java:408)
	at org.apache.coyote.AbstractProcessorLight.process(AbstractProcessorLight.java:66)
	at org.apache.coyote.AbstractProtocol$ConnectionHandler.process(AbstractProtocol.java:834)
	at org.apache.tomcat.util.net.NioEndpoint$SocketProcessor.doRun(NioEndpoint.java:1415)
	at org.apache.tomcat.util.net.SocketProcessorBase.run(SocketProcessorBase.java:49)
	at java.base/java.util.concurrent.ThreadPoolExecutor.runWorker(ThreadPoolExecutor.java:1128)
	at java.base/java.util.concurrent.ThreadPoolExecutor$Worker.run(ThreadPoolExecutor.java:628)
	at org.apache.tomcat.util.threads.TaskThread$WrappingRunnable.run(TaskThread.java:61)
	at java.base/java.lang.Thread.run(Thread.java:829)

09-Dec-2021 18:30:44.764 ADVERTENCIA [Thread-3] org.apache.catalina.session.StandardSession.doWriteObject Cannot serialize session attribute [suministro] for session [F248A4D4F2BCE3AF34287D06BCC8C813]
 java.io.NotSerializableException: ges.model.Nota
	at java.base/java.io.ObjectOutputStream.writeObject0(ObjectOutputStream.java:1185)
	at java.base/java.io.ObjectOutputStream.writeObject(ObjectOutputStream.java:349)
	at java.base/java.util.ArrayList.writeObject(ArrayList.java:897)
	at java.base/jdk.internal.reflect.GeneratedMethodAccessor464.invoke(Unknown Source)
	at java.base/jdk.internal.reflect.DelegatingMethodAccessorImpl.invoke(DelegatingMethodAccessorImpl.java:43)
	at java.base/java.lang.reflect.Method.invoke(Method.java:566)
	at java.base/java.io.ObjectStreamClass.invokeWriteObject(ObjectStreamClass.java:1145)
	at java.base/java.io.ObjectOutputStream.writeSerialData(ObjectOutputStream.java:1497)
	at java.base/java.io.ObjectOutputStream.writeOrdinaryObject(ObjectOutputStream.java:1433)
	at java.base/java.io.ObjectOutputStream.writeObject0(ObjectOutputStream.java:1179)
	at java.base/java.io.ObjectOutputStream.defaultWriteFields(ObjectOutputStream.java:1553)
	at java.base/java.io.ObjectOutputStream.writeSerialData(ObjectOutputStream.java:1510)
	at java.base/java.io.ObjectOutputStream.writeOrdinaryObject(ObjectOutputStream.java:1433)
	at java.base/java.io.ObjectOutputStream.writeObject0(ObjectOutputStream.java:1179)
	at java.base/java.io.ObjectOutputStream.writeObject(ObjectOutputStream.java:349)
	at org.apache.catalina.session.StandardSession.doWriteObject(StandardSession.java:1667)
	at org.apache.catalina.session.StandardSession.writeObjectData(StandardSession.java:1065)
	at org.apache.catalina.session.StandardManager.doUnload(StandardManager.java:315)
	at org.apache.catalina.session.StandardManager.unload(StandardManager.java:267)
	at org.apache.catalina.session.StandardManager.stopInternal(StandardManager.java:382)
	at org.apache.catalina.util.LifecycleBase.stop(LifecycleBase.java:257)
	at org.apache.catalina.core.StandardContext.stopInternal(StandardContext.java:5370)
	at org.apache.catalina.util.LifecycleBase.stop(LifecycleBase.java:257)
	at org.apache.catalina.core.ContainerBase$StopChild.call(ContainerBase.java:1393)
	at org.apache.catalina.core.ContainerBase$StopChild.call(ContainerBase.java:1382)
	at java.base/java.util.concurrent.FutureTask.run(FutureTask.java:264)
	at org.apache.tomcat.util.threads.InlineExecutorService.execute(InlineExecutorService.java:75)
	at java.base/java.util.concurrent.AbstractExecutorService.submit(AbstractExecutorService.java:140)
	at org.apache.catalina.core.ContainerBase.stopInternal(ContainerBase.java:969)
	at org.apache.catalina.util.LifecycleBase.stop(LifecycleBase.java:257)
	at org.apache.catalina.core.ContainerBase$StopChild.call(ContainerBase.java:1393)
	at org.apache.catalina.core.ContainerBase$StopChild.call(ContainerBase.java:1382)
	at java.base/java.util.concurrent.FutureTask.run(FutureTask.java:264)
	at org.apache.tomcat.util.threads.InlineExecutorService.execute(InlineExecutorService.java:75)
	at java.base/java.util.concurrent.AbstractExecutorService.submit(AbstractExecutorService.java:140)
	at org.apache.catalina.core.ContainerBase.stopInternal(ContainerBase.java:969)
	at org.apache.catalina.util.LifecycleBase.stop(LifecycleBase.java:257)
	at org.apache.catalina.core.StandardService.stopInternal(StandardService.java:475)
	at org.apache.catalina.util.LifecycleBase.stop(LifecycleBase.java:257)
	at org.apache.catalina.core.StandardServer.stopInternal(StandardServer.java:990)
	at org.apache.catalina.util.LifecycleBase.stop(LifecycleBase.java:257)
	at org.apache.catalina.startup.Catalina.stop(Catalina.java:711)
	at org.apache.catalina.startup.Catalina$CatalinaShutdownHook.run(Catalina.java:808)

09-Dec-2021 18:30:44.844 ADVERTENCIA [Thread-3] org.apache.catalina.session.StandardSession.doWriteObject Cannot serialize session attribute [suministro] for session [BFD5AD7F27131BD76CB390864303AFAE]
 java.io.NotSerializableException: ges.model.Interrupcion
	at java.base/java.io.ObjectOutputStream.writeObject0(ObjectOutputStream.java:1185)
	at java.base/java.io.ObjectOutputStream.writeObject(ObjectOutputStream.java:349)
	at java.base/java.util.ArrayList.writeObject(ArrayList.java:897)
	at java.base/jdk.internal.reflect.GeneratedMethodAccessor464.invoke(Unknown Source)
	at java.base/jdk.internal.reflect.DelegatingMethodAccessorImpl.invoke(DelegatingMethodAccessorImpl.java:43)
	at java.base/java.lang.reflect.Method.invoke(Method.java:566)
	at java.base/java.io.ObjectStreamClass.invokeWriteObject(ObjectStreamClass.java:1145)
	at java.base/java.io.ObjectOutputStream.writeSerialData(ObjectOutputStream.java:1497)
	at java.base/java.io.ObjectOutputStream.writeOrdinaryObject(ObjectOutputStream.java:1433)
	at java.base/java.io.ObjectOutputStream.writeObject0(ObjectOutputStream.java:1179)
	at java.base/java.io.ObjectOutputStream.defaultWriteFields(ObjectOutputStream.java:1553)
	at java.base/java.io.ObjectOutputStream.writeSerialData(ObjectOutputStream.java:1510)
	at java.base/java.io.ObjectOutputStream.writeOrdinaryObject(ObjectOutputStream.java:1433)
	at java.base/java.io.ObjectOutputStream.writeObject0(ObjectOutputStream.java:1179)
	at java.base/java.io.ObjectOutputStream.writeObject(ObjectOutputStream.java:349)
	at org.apache.catalina.session.StandardSession.doWriteObject(StandardSession.java:1667)
	at org.apache.catalina.session.StandardSession.writeObjectData(StandardSession.java:1065)
	at org.apache.catalina.session.StandardManager.doUnload(StandardManager.java:315)
	at org.apache.catalina.session.StandardManager.unload(StandardManager.java:267)
	at org.apache.catalina.session.StandardManager.stopInternal(StandardManager.java:382)
	at org.apache.catalina.util.LifecycleBase.stop(LifecycleBase.java:257)
	at org.apache.catalina.core.StandardContext.stopInternal(StandardContext.java:5370)
	at org.apache.catalina.util.LifecycleBase.stop(LifecycleBase.java:257)
	at org.apache.catalina.core.ContainerBase$StopChild.call(ContainerBase.java:1393)
	at org.apache.catalina.core.ContainerBase$StopChild.call(ContainerBase.java:1382)
	at java.base/java.util.concurrent.FutureTask.run(FutureTask.java:264)
	at org.apache.tomcat.util.threads.InlineExecutorService.execute(InlineExecutorService.java:75)
	at java.base/java.util.concurrent.AbstractExecutorService.submit(AbstractExecutorService.java:140)
	at org.apache.catalina.core.ContainerBase.stopInternal(ContainerBase.java:969)
	at org.apache.catalina.util.LifecycleBase.stop(LifecycleBase.java:257)
	at org.apache.catalina.core.ContainerBase$StopChild.call(ContainerBase.java:1393)
	at org.apache.catalina.core.ContainerBase$StopChild.call(ContainerBase.java:1382)
	at java.base/java.util.concurrent.FutureTask.run(FutureTask.java:264)
	at org.apache.tomcat.util.threads.InlineExecutorService.execute(InlineExecutorService.java:75)
	at java.base/java.util.concurrent.AbstractExecutorService.submit(AbstractExecutorService.java:140)
	at org.apache.catalina.core.ContainerBase.stopInternal(ContainerBase.java:969)
	at org.apache.catalina.util.LifecycleBase.stop(LifecycleBase.java:257)
	at org.apache.catalina.core.StandardService.stopInternal(StandardService.java:475)
	at org.apache.catalina.util.LifecycleBase.stop(LifecycleBase.java:257)
	at org.apache.catalina.core.StandardServer.stopInternal(StandardServer.java:990)
	at org.apache.catalina.util.LifecycleBase.stop(LifecycleBase.java:257)
	at org.apache.catalina.startup.Catalina.stop(Catalina.java:711)
	at org.apache.catalina.startup.Catalina$CatalinaShutdownHook.run(Catalina.java:808)

09-Dec-2021 18:30:44.865 ADVERTENCIA [Thread-3] org.apache.catalina.session.StandardSession.doWriteObject Cannot serialize session attribute [suministro] for session [554D9E516942FADD8954A4A89A32D1B5]
 java.io.NotSerializableException: ges.model.Nota
	at java.base/java.io.ObjectOutputStream.writeObject0(ObjectOutputStream.java:1185)
	at java.base/java.io.ObjectOutputStream.writeObject(ObjectOutputStream.java:349)
	at java.base/java.util.ArrayList.writeObject(ArrayList.java:897)
	at java.base/jdk.internal.reflect.GeneratedMethodAccessor464.invoke(Unknown Source)
	at java.base/jdk.internal.reflect.DelegatingMethodAccessorImpl.invoke(DelegatingMethodAccessorImpl.java:43)
	at java.base/java.lang.reflect.Method.invoke(Method.java:566)
	at java.base/java.io.ObjectStreamClass.invokeWriteObject(ObjectStreamClass.java:1145)
	at java.base/java.io.ObjectOutputStream.writeSerialData(ObjectOutputStream.java:1497)
	at java.base/java.io.ObjectOutputStream.writeOrdinaryObject(ObjectOutputStream.java:1433)
	at java.base/java.io.ObjectOutputStream.writeObject0(ObjectOutputStream.java:1179)
	at java.base/java.io.ObjectOutputStream.defaultWriteFields(ObjectOutputStream.java:1553)
	at java.base/java.io.ObjectOutputStream.writeSerialData(ObjectOutputStream.java:1510)
	at java.base/java.io.ObjectOutputStream.writeOrdinaryObject(ObjectOutputStream.java:1433)
	at java.base/java.io.ObjectOutputStream.writeObject0(ObjectOutputStream.java:1179)
	at java.base/java.io.ObjectOutputStream.writeObject(ObjectOutputStream.java:349)
	at org.apache.catalina.session.StandardSession.doWriteObject(StandardSession.java:1667)
	at org.apache.catalina.session.StandardSession.writeObjectData(StandardSession.java:1065)
	at org.apache.catalina.session.StandardManager.doUnload(StandardManager.java:315)
	at org.apache.catalina.session.StandardManager.unload(StandardManager.java:267)
	at org.apache.catalina.session.StandardManager.stopInternal(StandardManager.java:382)
	at org.apache.catalina.util.LifecycleBase.stop(LifecycleBase.java:257)
	at org.apache.catalina.core.StandardContext.stopInternal(StandardContext.java:5370)
	at org.apache.catalina.util.LifecycleBase.stop(LifecycleBase.java:257)
	at org.apache.catalina.core.ContainerBase$StopChild.call(ContainerBase.java:1393)
	at org.apache.catalina.core.ContainerBase$StopChild.call(ContainerBase.java:1382)
	at java.base/java.util.concurrent.FutureTask.run(FutureTask.java:264)
	at org.apache.tomcat.util.threads.InlineExecutorService.execute(InlineExecutorService.java:75)
	at java.base/java.util.concurrent.AbstractExecutorService.submit(AbstractExecutorService.java:140)
	at org.apache.catalina.core.ContainerBase.stopInternal(ContainerBase.java:969)
	at org.apache.catalina.util.LifecycleBase.stop(LifecycleBase.java:257)
	at org.apache.catalina.core.ContainerBase$StopChild.call(ContainerBase.java:1393)
	at org.apache.catalina.core.ContainerBase$StopChild.call(ContainerBase.java:1382)
	at java.base/java.util.concurrent.FutureTask.run(FutureTask.java:264)
	at org.apache.tomcat.util.threads.InlineExecutorService.execute(InlineExecutorService.java:75)
	at java.base/java.util.concurrent.AbstractExecutorService.submit(AbstractExecutorService.java:140)
	at org.apache.catalina.core.ContainerBase.stopInternal(ContainerBase.java:969)
	at org.apache.catalina.util.LifecycleBase.stop(LifecycleBase.java:257)
	at org.apache.catalina.core.StandardService.stopInternal(StandardService.java:475)
	at org.apache.catalina.util.LifecycleBase.stop(LifecycleBase.java:257)
	at org.apache.catalina.core.StandardServer.stopInternal(StandardServer.java:990)
	at org.apache.catalina.util.LifecycleBase.stop(LifecycleBase.java:257)
	at org.apache.catalina.startup.Catalina.stop(Catalina.java:711)
	at org.apache.catalina.startup.Catalina$CatalinaShutdownHook.run(Catalina.java:808)

09-Dec-2021 18:31:50.555 GRAVE [main] org.apache.tomcat.util.descriptor.web.SecurityConstraint.findUncoveredHttpMethods For security constraints with URL pattern [/pages/*] only the HTTP methods [DELETE POST PUT] are covered. All other methods are uncovered.
09-Dec-2021 18:31:50.939 ADVERTENCIA [main] org.apache.catalina.session.StandardSession.doReadObject Cannot deserialize session attribute [suministro] for session [F248A4D4F2BCE3AF34287D06BCC8C813]
09-Dec-2021 18:31:51.218 GRAVE [main] org.apache.catalina.core.StandardContext.loadOnStartup Servlet [init] in web application [/ges] threw load() exception
 javax.servlet.ServletException
	at ges.view.ServletInit.init(ServletInit.java:180)
	at org.apache.catalina.core.StandardWrapper.initServlet(StandardWrapper.java:1123)
	at org.apache.catalina.core.StandardWrapper.loadServlet(StandardWrapper.java:1078)
	at org.apache.catalina.core.StandardWrapper.load(StandardWrapper.java:971)
	at org.apache.catalina.core.StandardContext.loadOnStartup(StandardContext.java:4854)
	at org.apache.catalina.core.StandardContext.startInternal(StandardContext.java:5170)
	at org.apache.catalina.util.LifecycleBase.start(LifecycleBase.java:183)
	at org.apache.catalina.core.ContainerBase.addChildInternal(ContainerBase.java:713)
	at org.apache.catalina.core.ContainerBase.addChild(ContainerBase.java:690)
	at org.apache.catalina.core.StandardHost.addChild(StandardHost.java:695)
	at org.apache.catalina.startup.HostConfig.deployDirectory(HostConfig.java:1133)
	at org.apache.catalina.startup.HostConfig$DeployDirectory.run(HostConfig.java:1868)
	at java.base/java.util.concurrent.Executors$RunnableAdapter.call(Executors.java:515)
	at java.base/java.util.concurrent.FutureTask.run(FutureTask.java:264)
	at org.apache.tomcat.util.threads.InlineExecutorService.execute(InlineExecutorService.java:75)
	at java.base/java.util.concurrent.AbstractExecutorService.submit(AbstractExecutorService.java:118)
	at org.apache.catalina.startup.HostConfig.deployDirectories(HostConfig.java:1045)
	at org.apache.catalina.startup.HostConfig.deployApps(HostConfig.java:429)
	at org.apache.catalina.startup.HostConfig.start(HostConfig.java:1577)
	at org.apache.catalina.startup.HostConfig.lifecycleEvent(HostConfig.java:309)
	at org.apache.catalina.util.LifecycleBase.fireLifecycleEvent(LifecycleBase.java:123)
	at org.apache.catalina.util.LifecycleBase.setStateInternal(LifecycleBase.java:424)
	at org.apache.catalina.util.LifecycleBase.setState(LifecycleBase.java:367)
	at org.apache.catalina.core.ContainerBase.startInternal(ContainerBase.java:929)
	at org.apache.catalina.core.StandardHost.startInternal(StandardHost.java:831)
	at org.apache.catalina.util.LifecycleBase.start(LifecycleBase.java:183)
	at org.apache.catalina.core.ContainerBase$StartChild.call(ContainerBase.java:1377)
	at org.apache.catalina.core.ContainerBase$StartChild.call(ContainerBase.java:1367)
	at java.base/java.util.concurrent.FutureTask.run(FutureTask.java:264)
	at org.apache.tomcat.util.threads.InlineExecutorService.execute(InlineExecutorService.java:75)
	at java.base/java.util.concurrent.AbstractExecutorService.submit(AbstractExecutorService.java:140)
	at org.apache.catalina.core.ContainerBase.startInternal(ContainerBase.java:902)
	at org.apache.catalina.core.StandardEngine.startInternal(StandardEngine.java:262)
	at org.apache.catalina.util.LifecycleBase.start(LifecycleBase.java:183)
	at org.apache.catalina.core.StandardService.startInternal(StandardService.java:423)
	at org.apache.catalina.util.LifecycleBase.start(LifecycleBase.java:183)
	at org.apache.catalina.core.StandardServer.startInternal(StandardServer.java:928)
	at org.apache.catalina.util.LifecycleBase.start(LifecycleBase.java:183)
	at org.apache.catalina.startup.Catalina.start(Catalina.java:638)
	at java.base/jdk.internal.reflect.NativeMethodAccessorImpl.invoke0(Native Method)
	at java.base/jdk.internal.reflect.NativeMethodAccessorImpl.invoke(NativeMethodAccessorImpl.java:62)
	at java.base/jdk.internal.reflect.DelegatingMethodAccessorImpl.invoke(DelegatingMethodAccessorImpl.java:43)
	at java.base/java.lang.reflect.Method.invoke(Method.java:566)
	at org.apache.catalina.startup.Bootstrap.start(Bootstrap.java:350)
	at org.apache.catalina.startup.Bootstrap.main(Bootstrap.java:496)

09-Dec-2021 18:31:51.220 INFORMACIÓN [main] org.apache.catalina.core.ApplicationContext.log configuring cewolf app..
09-Dec-2021 18:31:51.224 INFORMACIÓN [main] org.apache.catalina.core.ApplicationContext.log using storage class de.laures.cewolf.storage.TransientSessionStorage
09-Dec-2021 18:31:51.224 INFORMACIÓN [main] org.apache.catalina.core.ApplicationContext.log using overlibURL etc/overlib.js
09-Dec-2021 18:31:51.224 INFORMACIÓN [main] org.apache.catalina.core.ApplicationContext.log debugging is turned on
09-Dec-2021 18:31:51.224 INFORMACIÓN [main] org.apache.catalina.core.ApplicationContext.log ...done.
