03-Mar-2022 08:27:55.289 GRAVE [main] org.apache.tomcat.util.descriptor.web.SecurityConstraint.findUncoveredHttpMethods For security constraints with URL pattern [/pages/*] only the HTTP methods [DELETE POST PUT] are covered. All other methods are uncovered.
03-Mar-2022 08:27:55.637 INFORMACIÓN [main] org.apache.catalina.core.ApplicationContext.log configuring cewolf app..
03-Mar-2022 08:27:55.648 INFORMACIÓN [main] org.apache.catalina.core.ApplicationContext.log using storage class de.laures.cewolf.storage.TransientSessionStorage
03-Mar-2022 08:27:55.648 INFORMACIÓN [main] org.apache.catalina.core.ApplicationContext.log using overlibURL etc/overlib.js
03-Mar-2022 08:27:55.649 INFORMACIÓN [main] org.apache.catalina.core.ApplicationContext.log debugging is turned on
03-Mar-2022 08:27:55.649 INFORMACIÓN [main] org.apache.catalina.core.ApplicationContext.log ...done.
03-Mar-2022 08:46:34.570 GRAVE [main] org.apache.tomcat.util.descriptor.web.SecurityConstraint.findUncoveredHttpMethods For security constraints with URL pattern [/pages/*] only the HTTP methods [DELETE POST PUT] are covered. All other methods are uncovered.
03-Mar-2022 08:46:34.721 INFORMACIÓN [main] org.apache.catalina.core.ApplicationContext.log configuring cewolf app..
03-Mar-2022 08:46:34.725 INFORMACIÓN [main] org.apache.catalina.core.ApplicationContext.log using storage class de.laures.cewolf.storage.TransientSessionStorage
03-Mar-2022 08:46:34.725 INFORMACIÓN [main] org.apache.catalina.core.ApplicationContext.log using overlibURL etc/overlib.js
03-Mar-2022 08:46:34.725 INFORMACIÓN [main] org.apache.catalina.core.ApplicationContext.log debugging is turned on
03-Mar-2022 08:46:34.725 INFORMACIÓN [main] org.apache.catalina.core.ApplicationContext.log ...done.
03-Mar-2022 08:47:43.917 INFORMACIÓN [http-nio-80-exec-3] org.apache.catalina.core.ApplicationContext.log HTMLManager: init: Associated with Deployer 'Catalina:type=Deployer,host=localhost'
03-Mar-2022 08:47:43.917 INFORMACIÓN [http-nio-80-exec-3] org.apache.catalina.core.ApplicationContext.log HTMLManager: init: Global resources are available
03-Mar-2022 08:47:43.921 INFORMACIÓN [http-nio-80-exec-3] org.apache.catalina.core.ApplicationContext.log HTMLManager: list: Listing contexts for virtual host 'localhost'
03-Mar-2022 08:51:38.906 GRAVE [main] org.apache.tomcat.util.descriptor.web.SecurityConstraint.findUncoveredHttpMethods For security constraints with URL pattern [/pages/*] only the HTTP methods [DELETE POST PUT] are covered. All other methods are uncovered.
03-Mar-2022 08:51:39.069 INFORMACIÓN [main] org.apache.catalina.core.ApplicationContext.log configuring cewolf app..
03-Mar-2022 08:51:39.080 INFORMACIÓN [main] org.apache.catalina.core.ApplicationContext.log using storage class de.laures.cewolf.storage.TransientSessionStorage
03-Mar-2022 08:51:39.080 INFORMACIÓN [main] org.apache.catalina.core.ApplicationContext.log using overlibURL etc/overlib.js
03-Mar-2022 08:51:39.080 INFORMACIÓN [main] org.apache.catalina.core.ApplicationContext.log debugging is turned on
03-Mar-2022 08:51:39.080 INFORMACIÓN [main] org.apache.catalina.core.ApplicationContext.log ...done.
03-Mar-2022 08:51:42.615 INFORMACIÓN [http-nio-80-exec-1] org.apache.catalina.core.ApplicationContext.log HTMLHostManager: listar: Listando máquinas para motor [Catalina]
03-Mar-2022 11:37:01.634 GRAVE [main] org.apache.tomcat.util.descriptor.web.SecurityConstraint.findUncoveredHttpMethods For security constraints with URL pattern [/pages/*] only the HTTP methods [DELETE POST PUT] are covered. All other methods are uncovered.
03-Mar-2022 11:37:01.823 INFORMACIÓN [main] org.apache.catalina.core.ApplicationContext.log configuring cewolf app..
03-Mar-2022 11:37:01.835 INFORMACIÓN [main] org.apache.catalina.core.ApplicationContext.log using storage class de.laures.cewolf.storage.TransientSessionStorage
03-Mar-2022 11:37:01.835 INFORMACIÓN [main] org.apache.catalina.core.ApplicationContext.log using overlibURL etc/overlib.js
03-Mar-2022 11:37:01.835 INFORMACIÓN [main] org.apache.catalina.core.ApplicationContext.log debugging is turned on
03-Mar-2022 11:37:01.835 INFORMACIÓN [main] org.apache.catalina.core.ApplicationContext.log ...done.
03-Mar-2022 11:37:40.279 GRAVE [main] org.apache.tomcat.util.descriptor.web.SecurityConstraint.findUncoveredHttpMethods For security constraints with URL pattern [/pages/*] only the HTTP methods [DELETE POST PUT] are covered. All other methods are uncovered.
03-Mar-2022 11:37:40.440 INFORMACIÓN [main] org.apache.catalina.core.ApplicationContext.log configuring cewolf app..
03-Mar-2022 11:37:40.444 INFORMACIÓN [main] org.apache.catalina.core.ApplicationContext.log using storage class de.laures.cewolf.storage.TransientSessionStorage
03-Mar-2022 11:37:40.444 INFORMACIÓN [main] org.apache.catalina.core.ApplicationContext.log using overlibURL etc/overlib.js
03-Mar-2022 11:37:40.444 INFORMACIÓN [main] org.apache.catalina.core.ApplicationContext.log debugging is turned on
03-Mar-2022 11:37:40.444 INFORMACIÓN [main] org.apache.catalina.core.ApplicationContext.log ...done.
03-Mar-2022 11:38:08.058 GRAVE [main] org.apache.tomcat.util.descriptor.web.SecurityConstraint.findUncoveredHttpMethods For security constraints with URL pattern [/pages/*] only the HTTP methods [DELETE POST PUT] are covered. All other methods are uncovered.
03-Mar-2022 11:38:08.222 INFORMACIÓN [main] org.apache.catalina.core.ApplicationContext.log configuring cewolf app..
03-Mar-2022 11:38:08.226 INFORMACIÓN [main] org.apache.catalina.core.ApplicationContext.log using storage class de.laures.cewolf.storage.TransientSessionStorage
03-Mar-2022 11:38:08.226 INFORMACIÓN [main] org.apache.catalina.core.ApplicationContext.log using overlibURL etc/overlib.js
03-Mar-2022 11:38:08.227 INFORMACIÓN [main] org.apache.catalina.core.ApplicationContext.log debugging is turned on
03-Mar-2022 11:38:08.227 INFORMACIÓN [main] org.apache.catalina.core.ApplicationContext.log ...done.
03-Mar-2022 11:39:31.359 INFORMACIÓN [http-nio-80-exec-7] org.apache.catalina.core.ApplicationContext.log HTMLManager: init: Associated with Deployer 'Catalina:type=Deployer,host=localhost'
03-Mar-2022 11:39:31.359 INFORMACIÓN [http-nio-80-exec-7] org.apache.catalina.core.ApplicationContext.log HTMLManager: init: Global resources are available
03-Mar-2022 11:39:31.362 INFORMACIÓN [http-nio-80-exec-7] org.apache.catalina.core.ApplicationContext.log HTMLManager: list: Listing contexts for virtual host 'localhost'
